[17:22:31] [main/INFO] [LaunchWrapper]: Loading tweak class name net.minecraftforge.fml.common.launcher.FMLServerTweaker
[17:22:31] [main/INFO] [LaunchWrapper]: Using primary tweak class name net.minecraftforge.fml.common.launcher.FMLServerTweaker
[17:22:31] [main/INFO] [LaunchWrapper]: Calling tweak class net.minecraftforge.fml.common.launcher.FMLServerTweaker
[17:22:31] [main/DEBUG] [FML]: Injecting tracing printstreams for STDOUT/STDERR.
[17:22:31] [main/INFO] [FML]: Forge Mod Loader version 14.23.5.2860 for Minecraft 1.12.2 loading
[17:22:31] [main/INFO] [FML]: Java is Java HotSpot(TM) 64-Bit Server VM, version 1.8.0_381, running on Windows 10:amd64:10.0, installed at C:\Program Files\Java\jre-1.8
[17:22:31] [main/DEBUG] [FML]: Java classpath at launch is:
[17:22:31] [main/DEBUG] [FML]:     forge-1.12.2-14.23.5.2860.jar
[17:22:31] [main/DEBUG] [FML]: Java library path at launch is:
[17:22:31] [main/DEBUG] [FML]:     C:\Program Files (x86)\Common Files\Oracle\Java\javapath
[17:22:31] [main/DEBUG] [FML]:     C:\WINDOWS\Sun\Java\bin
[17:22:31] [main/DEBUG] [FML]:     C:\WINDOWS\system32
[17:22:31] [main/DEBUG] [FML]:     C:\WINDOWS
[17:22:31] [main/DEBUG] [FML]:     C:\Program Files (x86)\Common Files\Oracle\Java\javapath
[17:22:31] [main/DEBUG] [FML]:     C:\Program Files (x86)\NVIDIA Corporation\PhysX\Common
[17:22:31] [main/DEBUG] [FML]:     C:\Program Files\Microsoft\jdk-11.0.16.101-hotspot\bin
[17:22:31] [main/DEBUG] [FML]:     C:\WINDOWS\system32
[17:22:31] [main/DEBUG] [FML]:     C:\WINDOWS
[17:22:31] [main/DEBUG] [FML]:     C:\WINDOWS\System32\Wbem
[17:22:31] [main/DEBUG] [FML]:     C:\WINDOWS\System32\WindowsPowerShell\v1.0\
[17:22:31] [main/DEBUG] [FML]:     C:\WINDOWS\System32\OpenSSH\
[17:22:31] [main/DEBUG] [FML]:     C:\Program Files\dotnet\
[17:22:31] [main/DEBUG] [FML]:     F:\Bandizip\
[17:22:31] [main/DEBUG] [FML]:     C:\Users\27584\AppData\Local\Microsoft\WindowsApps
[17:22:31] [main/DEBUG] [FML]:     C:\Users\27584\.dotnet\tools
[17:22:31] [main/DEBUG] [FML]:     .
[17:22:31] [main/DEBUG] [FML]: Determined Minecraft Libraries Root: D:\nomifactory-dev-f05d2f5-server\libraries
[17:22:31] [main/DEBUG] [FML]: Cleaning up mods folder: .\mods
[17:22:31] [main/DEBUG] [FML]: Examining file: !mixinbooter-8.3.jar
[17:22:31] [main/DEBUG] [FML]: Examining file: ActuallyAdditions-1.12.2-r152.jar
[17:22:31] [main/DEBUG] [FML]: Examining file: ActuallyBaubles-1.12-1.1.jar
[17:22:31] [main/DEBUG] [FML]: Examining file: AdvancedRocketry-1.12.2-1.7.0-240-universal.jar
[17:22:31] [main/DEBUG] [FML]: Examining file: advsolars-1.0.jar
[17:22:31] [main/DEBUG] [FML]: Examining file: ae2stuff-0.7.0.4-mc1.12.2.jar
[17:22:31] [main/DEBUG] [FML]: Examining file: AE2WTLib-1.12.2-1.0.34.jar
[17:22:31] [main/DEBUG] [FML]: Examining file: AppleSkin-mc1.12-1.0.14.jar
[17:22:31] [main/DEBUG] [FML]: Examining file: appliedenergistics2-rv6-stable-7-extended_life-v0.55.20.jar
[17:22:31] [main/DEBUG] [FML]: Examining file: architecturecraft-1.12-3.98.jar
[17:22:31] [main/DEBUG] [FML]: Examining file: armorplus-1.12.2-11.25.1.62.jar
[17:22:31] [main/DEBUG] [FML]: Examining file: AttributeFix-1.12.2-1.0.10.jar
[17:22:31] [main/DEBUG] [FML]: Examining file: Avaritia-1.12.2-3.3.0.37-universal.jar
[17:22:31] [main/DEBUG] [FML]: Examining file: badwithernocookiereloaded-1.12.2-3.4.18.jar
[17:22:31] [main/DEBUG] [FML]: Examining file: base-1.12.2-3.14.0.jar
[17:22:31] [main/DEBUG] [FML]: Examining file: Baubles-1.12-1.5.2.jar
[17:22:31] [main/DEBUG] [FML]: Examining file: bdlib-1.14.3.12-mc1.12.2.jar
[17:22:31] [main/DEBUG] [FML]: Examining file: BetterBuildersWands-1.12.2-0.13.2.271+5997513.jar
[17:22:31] [main/DEBUG] [FML]: Examining file: BetterQuestingUnofficial-4.1.0.jar
[17:22:31] [main/DEBUG] [FML]: Examining file: Bookshelf-1.12.2-2.3.590.jar
[17:22:31] [main/DEBUG] [FML]: Examining file: Bountiful-2.2.2.jar
[17:22:31] [main/DEBUG] [FML]: Examining file: BrandonsCore-1.12.2-2.4.20.162-universal.jar
[17:22:31] [main/DEBUG] [FML]: Examining file: BuildingGadgets-2.8.4.jar
[17:22:31] [main/DEBUG] [FML]: Examining file: censoredasm5.13.jar
[17:22:31] [main/DEBUG] [FML]: Examining file: Ceramics-1.12-1.3.7b.jar
[17:22:31] [main/DEBUG] [FML]: Examining file: CEU-1.12.2-1.0.4.3.jar
[17:22:31] [main/DEBUG] [FML]: Examining file: Chameleon-1.12-4.1.3.jar
[17:22:31] [main/DEBUG] [FML]: Examining file: ChestTransporter-1.12.2-2.8.8.jar
[17:22:31] [main/DEBUG] [FML]: Examining file: Chisel-MC1.12.2-1.0.2.45.jar
[17:22:31] [main/DEBUG] [FML]: Examining file: clearwater-1.2.jar
[17:22:31] [main/DEBUG] [FML]: Examining file: Clipboard-1.12-1.3.0.jar
[17:22:31] [main/DEBUG] [FML]: Examining file: Clumps-3.1.2.jar
[17:22:31] [main/DEBUG] [FML]: Examining file: CodeChickenLib-1.12.2-3.2.3.358-universal.jar
[17:22:31] [main/DEBUG] [FML]: Examining file: CoFHCore-1.12.2-4.6.6.1-universal.jar
[17:22:31] [main/DEBUG] [FML]: Examining file: CoFHWorld-1.12.2-1.4.0.1-universal.jar
[17:22:31] [main/DEBUG] [FML]: Examining file: ContentTweaker-1.12.2-4.10.0.jar
[17:22:31] [main/DEBUG] [FML]: Examining file: CraftableElytra-1.1.jar
[17:22:31] [main/DEBUG] [FML]: Examining file: CraftingNetherStar 1.12.1 -1.1.jar
[17:22:31] [main/DEBUG] [FML]: Examining file: CraftingTweaks_1.12.2-9.0.1.jar
[17:22:31] [main/DEBUG] [FML]: Examining file: CraftTweaker2-1.12-4.1.20.680.jar
[17:22:31] [main/DEBUG] [FML]: Examining file: CreativeCore_v1.10.65_mc1.12.2.jar
[17:22:31] [main/DEBUG] [FML]: Examining file: Cucumber-1.12.2-1.1.3.jar
[17:22:31] [main/DEBUG] [FML]: Examining file: CustomStartingGear-1.12-1.2.0.9-universal.jar
[17:22:31] [main/DEBUG] [FML]: Examining file: DarkUtils-1.12.2-1.8.230.jar
[17:22:31] [main/DEBUG] [FML]: Examining file: deepmoblearning-1.12.2-2.5.4-universal.jar
[17:22:31] [main/DEBUG] [FML]: Examining file: DefaultWorldGenerator-port-1.12-2.3.1.jar
[17:22:31] [main/DEBUG] [FML]: Examining file: DenseMetals-1.12.2-2.0.0.30.jar
[17:22:31] [main/DEBUG] [FML]: Making maven link for com.mcmoddev:DenseMetals:1.12.2-2.0.0.30 in memory to D:\nomifactory-dev-f05d2f5-server\.\mods\DenseMetals-1.12.2-2.0.0.30.jar.
[17:22:31] [main/DEBUG] [FML]: Examining file: diethopper-1.1.jar
[17:22:31] [main/DEBUG] [FML]: Examining file: DimensionalEdibles-1.12.2-1.6.4.jar
[17:22:31] [main/DEBUG] [FML]: Examining file: Draconic-Evolution-1.12.2-2.3.28.354-universal.jar
[17:22:31] [main/DEBUG] [FML]: Examining file: effortlessbuilding-1.12.2-2.16.jar
[17:22:31] [main/DEBUG] [FML]: Examining file: ElevatorMod-1.12.2-1.3.14.jar
[17:22:31] [main/DEBUG] [FML]: Examining file: EnderCore-1.12.2-0.5.77.jar
[17:22:31] [main/DEBUG] [FML]: Found existing ContainedDep META-INF/libraries/EnderCore-1.12.2-0.5.77-core.jar(com.enderio.core:EnderCore:1.12.2-0.5.77:core) from D:\nomifactory-dev-f05d2f5-server\mods\memory_repo\com\enderio\core\EnderCore\1.12.2-0.5.77\EnderCore-1.12.2-0.5.77-core.jar extracted to .\mods\EnderCore-1.12.2-0.5.77.jar, skipping extraction
[17:22:31] [main/DEBUG] [FML]: Examining file: EnderCore-1.12.2-0.5.77-core.jar
[17:22:31] [main/DEBUG] [FML]: Examining file: EnderIO-1.12.2-5.3.70.jar
[17:22:31] [main/DEBUG] [FML]: Found existing ContainedDep META-INF/libraries/AutoSave-1.12.2-1.0.11.jar(info.loenwind.autosave:AutoSave:1.12.2-1.0.11) from D:\nomifactory-dev-f05d2f5-server\mods\memory_repo\info\loenwind\autosave\AutoSave\1.12.2-1.0.11\AutoSave-1.12.2-1.0.11.jar extracted to .\mods\EnderIO-1.12.2-5.3.70.jar, skipping extraction
[17:22:31] [main/DEBUG] [FML]: Examining file: AutoSave-1.12.2-1.0.11.jar
[17:22:31] [main/DEBUG] [FML]: Found existing ContainedDep META-INF/libraries/AutoConfig-1.12.2-1.0.2.jar(info.loenwind.autoconfig:AutoConfig:1.12.2-1.0.2) from D:\nomifactory-dev-f05d2f5-server\mods\memory_repo\info\loenwind\autoconfig\AutoConfig\1.12.2-1.0.2\AutoConfig-1.12.2-1.0.2.jar extracted to .\mods\EnderIO-1.12.2-5.3.70.jar, skipping extraction
[17:22:31] [main/DEBUG] [FML]: Examining file: AutoConfig-1.12.2-1.0.2.jar
[17:22:31] [main/DEBUG] [FML]: Examining file: EnderIO-endergy-1.12.2-5.3.70.jar
[17:22:31] [main/DEBUG] [FML]: Examining file: EnderStorage-1.12.2-2.4.6.137-universal.jar
[17:22:31] [main/DEBUG] [FML]: Examining file: extendedcrafting-nomifactory-edition-1.7.0.6.jar
[17:22:31] [main/DEBUG] [FML]: Examining file: extrautils2-1.12-1.9.9.jar
[17:22:31] [main/DEBUG] [FML]: Examining file: FasterLadderClimbing-1.12-0.1-146.jar
[17:22:31] [main/DEBUG] [FML]: Examining file: FastLeafDecay-v14.jar
[17:22:31] [main/DEBUG] [FML]: Examining file: FastWorkbench-1.12.2-1.7.4.jar
[17:22:31] [main/DEBUG] [FML]: Examining file: foamfix-0.10.14-1.12.2.jar
[17:22:31] [main/DEBUG] [FML]: Examining file: forestry_1.12.2-5.8.2.422.jar
[17:22:31] [main/DEBUG] [FML]: Examining file: Forgelin-1.8.4.jar
[17:22:31] [main/DEBUG] [FML]: Examining file: ForgivingVoid_1.12.2-1.1.0.jar
[17:22:31] [main/DEBUG] [FML]: Examining file: framedcompactdrawers-1.2.7.jar
[17:22:31] [main/DEBUG] [FML]: Examining file: FTBBackups-1.1.0.1.jar
[17:22:31] [main/DEBUG] [FML]: Examining file: FTBLib-5.4.7.2.jar
[17:22:31] [main/DEBUG] [FML]: Examining file: FTBUtilities-5.4.1.131.jar
[17:22:31] [main/DEBUG] [FML]: Examining file: gregtech-1.12.2-1.17.1.770-patched.jar
[17:22:31] [main/DEBUG] [FML]: Examining file: gregtech-1.12.2-1.17.1.770.jar
[17:22:31] [main/DEBUG] [FML]: Examining file: Guide-API-1.12-2.1.8-63.jar
[17:22:31] [main/DEBUG] [FML]: Examining file: hooked-1.0.3.jar
[17:22:31] [main/DEBUG] [FML]: Examining file: Inspirations-1.12.2-0.2.9.jar
[17:22:31] [main/DEBUG] [FML]: Examining file: InventoryTweaks-1.63.jar
[17:22:31] [main/DEBUG] [FML]: Examining file: jei_1.12.2-4.16.1.302.jar
[17:22:31] [main/DEBUG] [FML]: Examining file: journeymap-1.12.2-5.7.1.jar
[17:22:31] [main/DEBUG] [FML]: Examining file: JustEnoughCalculation-1.12.2-3.2.6.jar
[17:22:31] [main/DEBUG] [FML]: Examining file: justenoughdimensions-1.12.2-1.6.0-dev.20200416.184714.jar
[17:22:31] [main/DEBUG] [FML]: Examining file: librarianlib-1.12.2-4.22.jar
[17:22:31] [main/DEBUG] [FML]: Examining file: LibVulpes-1.12.2-0.4.2-75-universal.jar
[17:22:31] [main/DEBUG] [FML]: Examining file: LittleTiles_v1.5.27_mc1.12.2.jar
[17:22:31] [main/DEBUG] [FML]: Examining file: logisticspipes-0.10.4.7.jar
[17:22:31] [main/DEBUG] [FML]: Examining file: LootTweaker-0.2.0+MC1.12.2.jar
[17:22:31] [main/DEBUG] [FML]: Examining file: lostcities-1.12-2.0.22.jar
[17:22:31] [main/DEBUG] [FML]: Examining file: lumberjack-1.4.1.jar
[17:22:31] [main/DEBUG] [FML]: Examining file: Mantle-1.12-1.3.3.55.jar
[17:22:31] [main/DEBUG] [FML]: Examining file: modtweaker-4.0.20.11.jar
[17:22:31] [main/DEBUG] [FML]: Examining file: Modular Diversity-1.5.jar
[17:22:31] [main/DEBUG] [FML]: Examining file: modularmachinery-1.12.2-1.10.0.jar
[17:22:31] [main/DEBUG] [FML]: Examining file: More-Cauldrons-1.4.6.jar
[17:22:31] [main/DEBUG] [FML]: Examining file: MoreFurnaces-Nomifactory-Edition-1.12.2-1.11.0.jar
[17:22:31] [main/DEBUG] [FML]: Examining file: morelibs-1.12.2-1.2.2.jar
[17:22:31] [main/DEBUG] [FML]: Examining file: moreplates-1.12.2-5.5.2.jar
[17:22:31] [main/DEBUG] [FML]: Examining file: Morpheus-1.12.2-3.5.106.jar
[17:22:31] [main/DEBUG] [FML]: Examining file: MTLib-3.0.7.jar
[17:22:31] [main/DEBUG] [FML]: Examining file: multiblocktweaker-1.12.2-stable-1.6.0.jar
[17:22:31] [main/DEBUG] [FML]: Examining file: nae2-1.2.0.jar
[17:22:31] [main/DEBUG] [FML]: Examining file: nonetherportals-1.1.0.jar
[17:22:31] [main/DEBUG] [FML]: Examining file: NuclearCraft-2.18y-1.12.2.jar
[17:22:31] [main/DEBUG] [FML]: Examining file: oauth-1.06.4.jar
[17:22:31] [main/DEBUG] [FML]: Examining file: OpenGlider-1.12.1-1.1.0.jar
[17:22:31] [main/DEBUG] [FML]: Examining file: OreSpawn-1.12-3.3.1.179.jar
[17:22:31] [main/DEBUG] [FML]: Examining file: p455w0rdslib-1.12.2-2.3.161.jar
[17:22:31] [main/DEBUG] [FML]: Examining file: PackagedAuto-1.12.2-1.0.6.21.jar
[17:22:31] [main/DEBUG] [FML]: Examining file: PackagedExCrafting-1.12.2-1.0.2.3.jar
[17:22:31] [main/DEBUG] [FML]: Examining file: Patchouli-1.0-23.6.jar
[17:22:31] [main/DEBUG] [FML]: Examining file: phosphor-1.12.2-0.2.9.2-SNAPSHOT-universal.jar
[17:22:31] [main/DEBUG] [FML]: Making maven link for me.jellysquid.mods:phosphor:1.12.2-0.2.9.2-SNAPSHOT in memory to D:\nomifactory-dev-f05d2f5-server\.\mods\phosphor-1.12.2-0.2.9.2-SNAPSHOT-universal.jar.
[17:22:31] [main/DEBUG] [FML]: Examining file: Placebo-1.12.2-1.6.0.jar
[17:22:31] [main/DEBUG] [FML]: Examining file: ProjectIntelligence-1.12.2-1.0.9.28-universal.jar
[17:22:31] [main/DEBUG] [FML]: Examining file: randompatches-1.12.2-1.22.1.10.jar
[17:22:31] [main/DEBUG] [FML]: Examining file: rangedpumps-0.5.jar
[17:22:31] [main/DEBUG] [FML]: Examining file: RealBench-1.12.2-1.3.3.jar
[17:22:31] [main/DEBUG] [FML]: Examining file: RedstoneArsenal-1.12.2-2.6.6.1-universal.jar
[17:22:31] [main/DEBUG] [FML]: Examining file: RedstoneFlux-1.12-2.1.1.1-universal.jar
[17:22:31] [main/DEBUG] [FML]: Examining file: Scannable-MC1.12.2-1.6.3.26.jar
[17:22:31] [main/DEBUG] [FML]: Examining file: serializationisbad-1.3.jar
[17:22:31] [main/DEBUG] [FML]: Examining file: ShadowMC-1.12-3.8.0.jar
[17:22:31] [main/DEBUG] [FML]: Examining file: Shadows_of_Greg-1.12.2-2.20.4.jar
[17:22:31] [main/DEBUG] [FML]: Examining file: simplefluidtanks-1.12.2-1.7.1.4.jar
[17:22:31] [main/DEBUG] [FML]: Examining file: SimplyJetpacks2-1.12.2-2.2.15.69.jar
[17:22:31] [main/DEBUG] [FML]: Examining file: Snad-1.12.1-1.7.09.16a.jar
[17:22:31] [main/DEBUG] [FML]: Examining file: SolarFluxReborn_1.12.2-4.35r.jar
[17:22:31] [main/DEBUG] [FML]: Examining file: spark-forge1122.jar
[17:22:31] [main/DEBUG] [FML]: Examining file: StorageDrawers-1.12.2-5.4.2.jar
[17:22:31] [main/DEBUG] [FML]: Examining file: supersoundmuffler-revived_1.12.2_1.0.2.10.jar
[17:22:31] [main/DEBUG] [FML]: Examining file: thedragonlib-1.12.2-5.3.0.jar
[17:22:31] [main/DEBUG] [FML]: Examining file: theoneprobe-1.12-1.4.28.jar
[17:22:31] [main/DEBUG] [FML]: Examining file: ThermalCultivation-1.12.2-0.3.6.1-universal.jar
[17:22:31] [main/DEBUG] [FML]: Examining file: ThermalExpansion-1.12.2-5.5.7.1-universal.jar
[17:22:31] [main/DEBUG] [FML]: Examining file: ThermalFoundation-1.12.2-2.6.7.1-universal.jar
[17:22:31] [main/DEBUG] [FML]: Examining file: ThermalInnovation-1.12.2-0.3.6.1-universal.jar
[17:22:31] [main/DEBUG] [FML]: Examining file: TombManyGraves-1.12-4.2.0.jar
[17:22:31] [main/DEBUG] [FML]: Examining file: topaddons-1.12.2-1.13.0.jar
[17:22:31] [main/DEBUG] [FML]: Examining file: torchmaster_1.12.2-1.8.4.84.jar
[17:22:31] [main/DEBUG] [FML]: Examining file: TrashSlot_1.12.2-8.4.10.jar
[17:22:31] [main/DEBUG] [FML]: Examining file: WirelessCraftingTerminal-1.12.2-3.12.97.jar
[17:22:31] [main/DEBUG] [FML]: Examining file: worleycaves-1.12.2-1.5.2.jar
[17:22:31] [main/DEBUG] [FML]: Examining file: Xtones-1.2.2.jar
[17:22:31] [main/DEBUG] [FML]: Examining file: _bansoukou-4.3.1.jar
[17:22:31] [main/DEBUG] [FML]: File already proccessed D:\nomifactory-dev-f05d2f5-server\.\mods\DenseMetals-1.12.2-2.0.0.30.jar, Skipping
[17:22:31] [main/DEBUG] [FML]: File already proccessed D:\nomifactory-dev-f05d2f5-server\.\mods\memory_repo\com\enderio\core\EnderCore\1.12.2-0.5.77\EnderCore-1.12.2-0.5.77-core.jar, Skipping
[17:22:31] [main/DEBUG] [FML]: File already proccessed D:\nomifactory-dev-f05d2f5-server\.\mods\memory_repo\info\loenwind\autosave\AutoSave\1.12.2-1.0.11\AutoSave-1.12.2-1.0.11.jar, Skipping
[17:22:31] [main/DEBUG] [FML]: File already proccessed D:\nomifactory-dev-f05d2f5-server\.\mods\memory_repo\info\loenwind\autoconfig\AutoConfig\1.12.2-1.0.2\AutoConfig-1.12.2-1.0.2.jar, Skipping
[17:22:31] [main/DEBUG] [FML]: File already proccessed D:\nomifactory-dev-f05d2f5-server\.\mods\phosphor-1.12.2-0.2.9.2-SNAPSHOT-universal.jar, Skipping
[17:22:31] [main/DEBUG] [FML]: Enabling runtime deobfuscation
[17:22:31] [main/DEBUG] [FML]: Instantiating coremod class FMLCorePlugin
[17:22:31] [main/DEBUG] [FML]: Found signing certificates for coremod FMLCorePlugin (net.minecraftforge.fml.relauncher.FMLCorePlugin)
[17:22:31] [main/DEBUG] [FML]: Found certificate e3c3d50c7c986df74c645c0ac54639741c90a557
[17:22:31] [main/DEBUG] [FML]: Added access transformer class net.minecraftforge.fml.common.asm.transformers.AccessTransformer to enqueued access transformers
[17:22:31] [main/DEBUG] [FML]: Enqueued coremod FMLCorePlugin
[17:22:31] [main/DEBUG] [FML]: Instantiating coremod class FMLForgePlugin
[17:22:31] [main/DEBUG] [FML]: Found signing certificates for coremod FMLForgePlugin (net.minecraftforge.classloading.FMLForgePlugin)
[17:22:31] [main/DEBUG] [FML]: Found certificate e3c3d50c7c986df74c645c0ac54639741c90a557
[17:22:31] [main/DEBUG] [FML]: Enqueued coremod FMLForgePlugin
[17:22:31] [main/DEBUG] [FML]: All fundamental core mods are successfully located
[17:22:31] [main/DEBUG] [FML]: Discovering coremods
[17:22:31] [main/INFO] [FML]: Searching D:\nomifactory-dev-f05d2f5-server\.\mods for mods
[17:22:31] [main/DEBUG] [FML]:   Adding !mixinbooter-8.3.jar to the mod list
[17:22:31] [main/DEBUG] [FML]:   Adding ActuallyAdditions-1.12.2-r152.jar to the mod list
[17:22:31] [main/DEBUG] [FML]:   Adding ActuallyBaubles-1.12-1.1.jar to the mod list
[17:22:31] [main/DEBUG] [FML]:   Adding AdvancedRocketry-1.12.2-1.7.0-240-universal.jar to the mod list
[17:22:31] [main/DEBUG] [FML]:   Adding advsolars-1.0.jar to the mod list
[17:22:31] [main/DEBUG] [FML]:   Adding ae2stuff-0.7.0.4-mc1.12.2.jar to the mod list
[17:22:31] [main/DEBUG] [FML]:   Adding AE2WTLib-1.12.2-1.0.34.jar to the mod list
[17:22:31] [main/DEBUG] [FML]:   Adding AppleSkin-mc1.12-1.0.14.jar to the mod list
[17:22:31] [main/DEBUG] [FML]:   Adding appliedenergistics2-rv6-stable-7-extended_life-v0.55.20.jar to the mod list
[17:22:31] [main/DEBUG] [FML]:   Adding architecturecraft-1.12-3.98.jar to the mod list
[17:22:31] [main/DEBUG] [FML]:   Adding armorplus-1.12.2-11.25.1.62.jar to the mod list
[17:22:31] [main/DEBUG] [FML]:   Adding AttributeFix-1.12.2-1.0.10.jar to the mod list
[17:22:31] [main/DEBUG] [FML]:   Adding Avaritia-1.12.2-3.3.0.37-universal.jar to the mod list
[17:22:31] [main/DEBUG] [FML]:   Adding badwithernocookiereloaded-1.12.2-3.4.18.jar to the mod list
[17:22:31] [main/DEBUG] [FML]:   Adding base-1.12.2-3.14.0.jar to the mod list
[17:22:31] [main/DEBUG] [FML]:   Adding Baubles-1.12-1.5.2.jar to the mod list
[17:22:31] [main/DEBUG] [FML]:   Adding bdlib-1.14.3.12-mc1.12.2.jar to the mod list
[17:22:31] [main/DEBUG] [FML]:   Adding BetterBuildersWands-1.12.2-0.13.2.271+5997513.jar to the mod list
[17:22:31] [main/DEBUG] [FML]:   Adding BetterQuestingUnofficial-4.1.0.jar to the mod list
[17:22:31] [main/DEBUG] [FML]:   Adding Bookshelf-1.12.2-2.3.590.jar to the mod list
[17:22:31] [main/DEBUG] [FML]:   Adding Bountiful-2.2.2.jar to the mod list
[17:22:31] [main/DEBUG] [FML]:   Adding BrandonsCore-1.12.2-2.4.20.162-universal.jar to the mod list
[17:22:31] [main/DEBUG] [FML]:   Adding BuildingGadgets-2.8.4.jar to the mod list
[17:22:31] [main/DEBUG] [FML]:   Adding censoredasm5.13.jar to the mod list
[17:22:31] [main/DEBUG] [FML]:   Adding Ceramics-1.12-1.3.7b.jar to the mod list
[17:22:31] [main/DEBUG] [FML]:   Adding CEU-1.12.2-1.0.4.3.jar to the mod list
[17:22:31] [main/DEBUG] [FML]:   Adding Chameleon-1.12-4.1.3.jar to the mod list
[17:22:31] [main/DEBUG] [FML]:   Adding ChestTransporter-1.12.2-2.8.8.jar to the mod list
[17:22:31] [main/DEBUG] [FML]:   Adding Chisel-MC1.12.2-1.0.2.45.jar to the mod list
[17:22:31] [main/DEBUG] [FML]:   Adding clearwater-1.2.jar to the mod list
[17:22:31] [main/DEBUG] [FML]:   Adding Clipboard-1.12-1.3.0.jar to the mod list
[17:22:31] [main/DEBUG] [FML]:   Adding Clumps-3.1.2.jar to the mod list
[17:22:31] [main/DEBUG] [FML]:   Adding CodeChickenLib-1.12.2-3.2.3.358-universal.jar to the mod list
[17:22:31] [main/DEBUG] [FML]:   Adding CoFHCore-1.12.2-4.6.6.1-universal.jar to the mod list
[17:22:31] [main/DEBUG] [FML]:   Adding CoFHWorld-1.12.2-1.4.0.1-universal.jar to the mod list
[17:22:31] [main/DEBUG] [FML]:   Adding ContentTweaker-1.12.2-4.10.0.jar to the mod list
[17:22:31] [main/DEBUG] [FML]:   Adding CraftableElytra-1.1.jar to the mod list
[17:22:31] [main/DEBUG] [FML]:   Adding CraftingNetherStar 1.12.1 -1.1.jar to the mod list
[17:22:31] [main/DEBUG] [FML]:   Adding CraftingTweaks_1.12.2-9.0.1.jar to the mod list
[17:22:31] [main/DEBUG] [FML]:   Adding CraftTweaker2-1.12-4.1.20.680.jar to the mod list
[17:22:31] [main/DEBUG] [FML]:   Adding CreativeCore_v1.10.65_mc1.12.2.jar to the mod list
[17:22:31] [main/DEBUG] [FML]:   Adding Cucumber-1.12.2-1.1.3.jar to the mod list
[17:22:31] [main/DEBUG] [FML]:   Adding CustomStartingGear-1.12-1.2.0.9-universal.jar to the mod list
[17:22:31] [main/DEBUG] [FML]:   Adding DarkUtils-1.12.2-1.8.230.jar to the mod list
[17:22:31] [main/DEBUG] [FML]:   Adding deepmoblearning-1.12.2-2.5.4-universal.jar to the mod list
[17:22:31] [main/DEBUG] [FML]:   Adding DefaultWorldGenerator-port-1.12-2.3.1.jar to the mod list
[17:22:31] [main/DEBUG] [FML]:   Adding DenseMetals-1.12.2-2.0.0.30.jar to the mod list
[17:22:31] [main/DEBUG] [FML]:   Adding diethopper-1.1.jar to the mod list
[17:22:31] [main/DEBUG] [FML]:   Adding DimensionalEdibles-1.12.2-1.6.4.jar to the mod list
[17:22:31] [main/DEBUG] [FML]:   Adding Draconic-Evolution-1.12.2-2.3.28.354-universal.jar to the mod list
[17:22:31] [main/DEBUG] [FML]:   Adding effortlessbuilding-1.12.2-2.16.jar to the mod list
[17:22:31] [main/DEBUG] [FML]:   Adding ElevatorMod-1.12.2-1.3.14.jar to the mod list
[17:22:31] [main/DEBUG] [FML]:   Adding EnderCore-1.12.2-0.5.77.jar to the mod list
[17:22:31] [main/DEBUG] [FML]:   Adding EnderIO-1.12.2-5.3.70.jar to the mod list
[17:22:31] [main/DEBUG] [FML]:   Adding EnderIO-endergy-1.12.2-5.3.70.jar to the mod list
[17:22:31] [main/DEBUG] [FML]:   Adding EnderStorage-1.12.2-2.4.6.137-universal.jar to the mod list
[17:22:31] [main/DEBUG] [FML]:   Adding extendedcrafting-nomifactory-edition-1.7.0.6.jar to the mod list
[17:22:31] [main/DEBUG] [FML]:   Adding extrautils2-1.12-1.9.9.jar to the mod list
[17:22:31] [main/DEBUG] [FML]:   Adding FasterLadderClimbing-1.12-0.1-146.jar to the mod list
[17:22:31] [main/DEBUG] [FML]:   Adding FastLeafDecay-v14.jar to the mod list
[17:22:31] [main/DEBUG] [FML]:   Adding FastWorkbench-1.12.2-1.7.4.jar to the mod list
[17:22:31] [main/DEBUG] [FML]:   Adding foamfix-0.10.14-1.12.2.jar to the mod list
[17:22:31] [main/DEBUG] [FML]:   Adding forestry_1.12.2-5.8.2.422.jar to the mod list
[17:22:31] [main/DEBUG] [FML]:   Adding Forgelin-1.8.4.jar to the mod list
[17:22:31] [main/DEBUG] [FML]:   Adding ForgivingVoid_1.12.2-1.1.0.jar to the mod list
[17:22:31] [main/DEBUG] [FML]:   Adding framedcompactdrawers-1.2.7.jar to the mod list
[17:22:31] [main/DEBUG] [FML]:   Adding FTBBackups-1.1.0.1.jar to the mod list
[17:22:31] [main/DEBUG] [FML]:   Adding FTBLib-5.4.7.2.jar to the mod list
[17:22:31] [main/DEBUG] [FML]:   Adding FTBUtilities-5.4.1.131.jar to the mod list
[17:22:31] [main/DEBUG] [FML]:   Adding gregtech-1.12.2-1.17.1.770-patched.jar to the mod list
[17:22:31] [main/DEBUG] [FML]:   Adding gregtech-1.12.2-1.17.1.770.jar to the mod list
[17:22:31] [main/DEBUG] [FML]:   Adding Guide-API-1.12-2.1.8-63.jar to the mod list
[17:22:31] [main/DEBUG] [FML]:   Adding hooked-1.0.3.jar to the mod list
[17:22:31] [main/DEBUG] [FML]:   Adding Inspirations-1.12.2-0.2.9.jar to the mod list
[17:22:31] [main/DEBUG] [FML]:   Adding InventoryTweaks-1.63.jar to the mod list
[17:22:31] [main/DEBUG] [FML]:   Adding jei_1.12.2-4.16.1.302.jar to the mod list
[17:22:31] [main/DEBUG] [FML]:   Adding journeymap-1.12.2-5.7.1.jar to the mod list
[17:22:31] [main/DEBUG] [FML]:   Adding JustEnoughCalculation-1.12.2-3.2.6.jar to the mod list
[17:22:31] [main/DEBUG] [FML]:   Adding justenoughdimensions-1.12.2-1.6.0-dev.20200416.184714.jar to the mod list
[17:22:31] [main/DEBUG] [FML]:   Adding librarianlib-1.12.2-4.22.jar to the mod list
[17:22:31] [main/DEBUG] [FML]:   Adding LibVulpes-1.12.2-0.4.2-75-universal.jar to the mod list
[17:22:31] [main/DEBUG] [FML]:   Adding LittleTiles_v1.5.27_mc1.12.2.jar to the mod list
[17:22:31] [main/DEBUG] [FML]:   Adding logisticspipes-0.10.4.7.jar to the mod list
[17:22:31] [main/DEBUG] [FML]:   Adding LootTweaker-0.2.0+MC1.12.2.jar to the mod list
[17:22:31] [main/DEBUG] [FML]:   Adding lostcities-1.12-2.0.22.jar to the mod list
[17:22:31] [main/DEBUG] [FML]:   Adding lumberjack-1.4.1.jar to the mod list
[17:22:31] [main/DEBUG] [FML]:   Adding Mantle-1.12-1.3.3.55.jar to the mod list
[17:22:31] [main/DEBUG] [FML]:   Adding modtweaker-4.0.20.11.jar to the mod list
[17:22:31] [main/DEBUG] [FML]:   Adding Modular Diversity-1.5.jar to the mod list
[17:22:31] [main/DEBUG] [FML]:   Adding modularmachinery-1.12.2-1.10.0.jar to the mod list
[17:22:31] [main/DEBUG] [FML]:   Adding More-Cauldrons-1.4.6.jar to the mod list
[17:22:31] [main/DEBUG] [FML]:   Adding MoreFurnaces-Nomifactory-Edition-1.12.2-1.11.0.jar to the mod list
[17:22:31] [main/DEBUG] [FML]:   Adding morelibs-1.12.2-1.2.2.jar to the mod list
[17:22:31] [main/DEBUG] [FML]:   Adding moreplates-1.12.2-5.5.2.jar to the mod list
[17:22:31] [main/DEBUG] [FML]:   Adding Morpheus-1.12.2-3.5.106.jar to the mod list
[17:22:31] [main/DEBUG] [FML]:   Adding MTLib-3.0.7.jar to the mod list
[17:22:31] [main/DEBUG] [FML]:   Adding multiblocktweaker-1.12.2-stable-1.6.0.jar to the mod list
[17:22:31] [main/DEBUG] [FML]:   Adding nae2-1.2.0.jar to the mod list
[17:22:31] [main/DEBUG] [FML]:   Adding nonetherportals-1.1.0.jar to the mod list
[17:22:31] [main/DEBUG] [FML]:   Adding NuclearCraft-2.18y-1.12.2.jar to the mod list
[17:22:31] [main/DEBUG] [FML]:   Adding oauth-1.06.4.jar to the mod list
[17:22:31] [main/DEBUG] [FML]:   Adding OpenGlider-1.12.1-1.1.0.jar to the mod list
[17:22:31] [main/DEBUG] [FML]:   Adding OreSpawn-1.12-3.3.1.179.jar to the mod list
[17:22:31] [main/DEBUG] [FML]:   Adding p455w0rdslib-1.12.2-2.3.161.jar to the mod list
[17:22:31] [main/DEBUG] [FML]:   Adding PackagedAuto-1.12.2-1.0.6.21.jar to the mod list
[17:22:31] [main/DEBUG] [FML]:   Adding PackagedExCrafting-1.12.2-1.0.2.3.jar to the mod list
[17:22:31] [main/DEBUG] [FML]:   Adding Patchouli-1.0-23.6.jar to the mod list
[17:22:31] [main/DEBUG] [FML]:   Adding phosphor-1.12.2-0.2.9.2-SNAPSHOT-universal.jar to the mod list
[17:22:31] [main/DEBUG] [FML]:   Adding Placebo-1.12.2-1.6.0.jar to the mod list
[17:22:31] [main/DEBUG] [FML]:   Adding ProjectIntelligence-1.12.2-1.0.9.28-universal.jar to the mod list
[17:22:31] [main/DEBUG] [FML]:   Adding randompatches-1.12.2-1.22.1.10.jar to the mod list
[17:22:31] [main/DEBUG] [FML]:   Adding rangedpumps-0.5.jar to the mod list
[17:22:31] [main/DEBUG] [FML]:   Adding RealBench-1.12.2-1.3.3.jar to the mod list
[17:22:31] [main/DEBUG] [FML]:   Adding RedstoneArsenal-1.12.2-2.6.6.1-universal.jar to the mod list
[17:22:31] [main/DEBUG] [FML]:   Adding RedstoneFlux-1.12-2.1.1.1-universal.jar to the mod list
[17:22:31] [main/DEBUG] [FML]:   Adding Scannable-MC1.12.2-1.6.3.26.jar to the mod list
[17:22:31] [main/DEBUG] [FML]:   Adding serializationisbad-1.3.jar to the mod list
[17:22:31] [main/DEBUG] [FML]:   Adding ShadowMC-1.12-3.8.0.jar to the mod list
[17:22:31] [main/DEBUG] [FML]:   Adding Shadows_of_Greg-1.12.2-2.20.4.jar to the mod list
[17:22:31] [main/DEBUG] [FML]:   Adding simplefluidtanks-1.12.2-1.7.1.4.jar to the mod list
[17:22:31] [main/DEBUG] [FML]:   Adding SimplyJetpacks2-1.12.2-2.2.15.69.jar to the mod list
[17:22:31] [main/DEBUG] [FML]:   Adding Snad-1.12.1-1.7.09.16a.jar to the mod list
[17:22:31] [main/DEBUG] [FML]:   Adding SolarFluxReborn_1.12.2-4.35r.jar to the mod list
[17:22:31] [main/DEBUG] [FML]:   Adding spark-forge1122.jar to the mod list
[17:22:31] [main/DEBUG] [FML]:   Adding StorageDrawers-1.12.2-5.4.2.jar to the mod list
[17:22:31] [main/DEBUG] [FML]:   Adding supersoundmuffler-revived_1.12.2_1.0.2.10.jar to the mod list
[17:22:31] [main/DEBUG] [FML]:   Adding thedragonlib-1.12.2-5.3.0.jar to the mod list
[17:22:31] [main/DEBUG] [FML]:   Adding theoneprobe-1.12-1.4.28.jar to the mod list
[17:22:31] [main/DEBUG] [FML]:   Adding ThermalCultivation-1.12.2-0.3.6.1-universal.jar to the mod list
[17:22:31] [main/DEBUG] [FML]:   Adding ThermalExpansion-1.12.2-5.5.7.1-universal.jar to the mod list
[17:22:31] [main/DEBUG] [FML]:   Adding ThermalFoundation-1.12.2-2.6.7.1-universal.jar to the mod list
[17:22:31] [main/DEBUG] [FML]:   Adding ThermalInnovation-1.12.2-0.3.6.1-universal.jar to the mod list
[17:22:31] [main/DEBUG] [FML]:   Adding TombManyGraves-1.12-4.2.0.jar to the mod list
[17:22:31] [main/DEBUG] [FML]:   Adding topaddons-1.12.2-1.13.0.jar to the mod list
[17:22:31] [main/DEBUG] [FML]:   Adding torchmaster_1.12.2-1.8.4.84.jar to the mod list
[17:22:31] [main/DEBUG] [FML]:   Adding TrashSlot_1.12.2-8.4.10.jar to the mod list
[17:22:31] [main/DEBUG] [FML]:   Adding WirelessCraftingTerminal-1.12.2-3.12.97.jar to the mod list
[17:22:31] [main/DEBUG] [FML]:   Adding worleycaves-1.12.2-1.5.2.jar to the mod list
[17:22:31] [main/DEBUG] [FML]:   Adding Xtones-1.2.2.jar to the mod list
[17:22:31] [main/DEBUG] [FML]:   Adding _bansoukou-4.3.1.jar to the mod list
[17:22:31] [main/DEBUG] [FML]: Examining for coremod candidacy !mixinbooter-8.3.jar
[17:22:31] [main/INFO] [FML]: Loading tweaker org.spongepowered.asm.launch.MixinTweaker from !mixinbooter-8.3.jar
[17:22:31] [main/DEBUG] [FML]: Examining for coremod candidacy _bansoukou-4.3.1.jar
[17:22:31] [main/TRACE] [FML]: Adding _bansoukou-4.3.1.jar to the list of known coremods, it will not be examined again
[17:22:31] [main/DEBUG] [FML]: Instantiating coremod class BansoukouCoreMod
[17:22:31] [main/TRACE] [FML]: coremod named -Bansoukou- is loading
[17:22:31] [main/DEBUG] [FML]: The coremod zone.rong.bansoukou.BansoukouCoreMod requested minecraft version 1.12.2 and minecraft is 1.12.2. It will be loaded.
[17:22:31] [main/WARN] [FML]: The coremod -Bansoukou- (zone.rong.bansoukou.BansoukouCoreMod) is not signed!
[17:22:31] [main/INFO] [Bansoukou]: Ikimasu!
[17:22:31] [main/WARN] [Bansoukou]: gregtech-1.12.2-1.17.1.770.jar was found in the mods folder. Copying to modify the copied cache.
[17:22:31] [main/WARN] [Bansoukou]: Marking file:/D:/nomifactory-dev-f05d2f5-server/./mods/gregtech-1.12.2-1.17.1.770.jar to fool Forge's mod discovering mechanism.
[17:22:31] [main/WARN] [Bansoukou]: Patching assets/gregtech/lang/en_us.lang...
[17:22:31] [main/WARN] [Bansoukou]: Patching assets/gregtech/lang/ru_ru.lang...
[17:22:31] [main/WARN] [Bansoukou]: Patching assets/gregtech/lang/zh_cn.lang...
[17:22:31] [main/WARN] [Bansoukou]: Patching gregtech/api/util/Version.class...
[17:22:31] [main/WARN] [Bansoukou]: Patching gregtech/common/ClientProxy.class...
[17:22:31] [main/WARN] [Bansoukou]: Patching gregtech/common/covers/CoverConveyor.class...
[17:22:31] [main/WARN] [Bansoukou]: Patching gregtech/common/covers/CoverFluidFilter.class...
[17:22:31] [main/WARN] [Bansoukou]: Patching gregtech/common/covers/CoverItemFilter.class...
[17:22:31] [main/WARN] [Bansoukou]: Patching gregtech/common/covers/CoverPump.class...
[17:22:31] [main/WARN] [Bansoukou]: Patching gregtech/common/covers/CoverRoboticArm.class...
[17:22:31] [main/WARN] [Bansoukou]: Patching gregtech/common/covers/filter/ItemFilterContainer.class...
[17:22:31] [main/WARN] [Bansoukou]: Patching gregtech/common/covers/TransferMode.class...
[17:22:31] [main/WARN] [Bansoukou]: Patching gregtech/common/metatileentities/storage/MetaTileEntityQuantumChest$1.class...
[17:22:31] [main/WARN] [Bansoukou]: Patching gregtech/common/metatileentities/storage/MetaTileEntityQuantumChest$QuantumChestItemHandler.class...
[17:22:31] [main/WARN] [Bansoukou]: Patching gregtech/common/metatileentities/storage/MetaTileEntityQuantumChest.class...
[17:22:31] [main/WARN] [Bansoukou]: Patching gregtech/loaders/oreprocessing/RecyclingRecipeHandler.class...
[17:22:32] [main/DEBUG] [FML]: Enqueued coremod -Bansoukou-
[17:22:32] [main/DEBUG] [FML]: Examining for coremod candidacy ActuallyAdditions-1.12.2-r152.jar
[17:22:32] [main/DEBUG] [FML]: Not found coremod data in ActuallyAdditions-1.12.2-r152.jar
[17:22:32] [main/DEBUG] [FML]: Examining for coremod candidacy ActuallyBaubles-1.12-1.1.jar
[17:22:32] [main/DEBUG] [FML]: Not found coremod data in ActuallyBaubles-1.12-1.1.jar
[17:22:32] [main/DEBUG] [FML]: Examining for coremod candidacy AdvancedRocketry-1.12.2-1.7.0-240-universal.jar
[17:22:32] [main/WARN] [FML]: Found FMLCorePluginContainsFMLMod marker in AdvancedRocketry-1.12.2-1.7.0-240-universal.jar. This is not recommended, @Mods should be in a separate jar from the coremod.
[17:22:32] [main/DEBUG] [FML]: Instantiating coremod class AdvancedRocketryPlugin
[17:22:32] [main/DEBUG] [FML]: The coremod zmaster587.advancedRocketry.asm.AdvancedRocketryPlugin requested minecraft version 1.12.2 and minecraft is 1.12.2. It will be loaded.
[17:22:32] [main/WARN] [FML]: The coremod AdvancedRocketryPlugin (zmaster587.advancedRocketry.asm.AdvancedRocketryPlugin) is not signed!
[17:22:32] [main/DEBUG] [FML]: Enqueued coremod AdvancedRocketryPlugin
[17:22:32] [main/DEBUG] [FML]: Examining for coremod candidacy advsolars-1.0.jar
[17:22:32] [main/DEBUG] [FML]: Not found coremod data in advsolars-1.0.jar
[17:22:32] [main/DEBUG] [FML]: Examining for coremod candidacy ae2stuff-0.7.0.4-mc1.12.2.jar
[17:22:32] [main/DEBUG] [FML]: Not found coremod data in ae2stuff-0.7.0.4-mc1.12.2.jar
[17:22:32] [main/DEBUG] [FML]: Examining for coremod candidacy AE2WTLib-1.12.2-1.0.34.jar
[17:22:32] [main/DEBUG] [FML]: Not found coremod data in AE2WTLib-1.12.2-1.0.34.jar
[17:22:32] [main/DEBUG] [FML]: Examining for coremod candidacy AppleSkin-mc1.12-1.0.14.jar
[17:22:32] [main/DEBUG] [FML]: Not found coremod data in AppleSkin-mc1.12-1.0.14.jar
[17:22:32] [main/DEBUG] [FML]: Examining for coremod candidacy appliedenergistics2-rv6-stable-7-extended_life-v0.55.20.jar
[17:22:32] [main/WARN] [FML]: Found FMLCorePluginContainsFMLMod marker in appliedenergistics2-rv6-stable-7-extended_life-v0.55.20.jar. This is not recommended, @Mods should be in a separate jar from the coremod.
[17:22:32] [main/DEBUG] [FML]: Instantiating coremod class AE2ELCore
[17:22:32] [main/TRACE] [FML]: coremod named AE2ELCore is loading
[17:22:32] [main/DEBUG] [FML]: The coremod appeng.core.AE2ELCore requested minecraft version 1.12.2 and minecraft is 1.12.2. It will be loaded.
[17:22:32] [main/WARN] [FML]: The coremod AE2ELCore (appeng.core.AE2ELCore) is not signed!
[17:22:32] [main/DEBUG] [FML]: Enqueued coremod AE2ELCore
[17:22:32] [main/DEBUG] [FML]: Examining for coremod candidacy architecturecraft-1.12-3.98.jar
[17:22:32] [main/DEBUG] [FML]: Not found coremod data in architecturecraft-1.12-3.98.jar
[17:22:32] [main/DEBUG] [FML]: Examining for coremod candidacy armorplus-1.12.2-11.25.1.62.jar
[17:22:32] [main/DEBUG] [FML]: Not found coremod data in armorplus-1.12.2-11.25.1.62.jar
[17:22:32] [main/DEBUG] [FML]: Examining for coremod candidacy AttributeFix-1.12.2-1.0.10.jar
[17:22:32] [main/DEBUG] [FML]: Not found coremod data in AttributeFix-1.12.2-1.0.10.jar
[17:22:32] [main/DEBUG] [FML]: Examining for coremod candidacy Avaritia-1.12.2-3.3.0.37-universal.jar
[17:22:32] [main/DEBUG] [FML]: Not found coremod data in Avaritia-1.12.2-3.3.0.37-universal.jar
[17:22:32] [main/DEBUG] [FML]: Examining for coremod candidacy badwithernocookiereloaded-1.12.2-3.4.18.jar
[17:22:32] [main/DEBUG] [FML]: Not found coremod data in badwithernocookiereloaded-1.12.2-3.4.18.jar
[17:22:32] [main/DEBUG] [FML]: Examining for coremod candidacy base-1.12.2-3.14.0.jar
[17:22:32] [main/DEBUG] [FML]: Not found coremod data in base-1.12.2-3.14.0.jar
[17:22:32] [main/DEBUG] [FML]: Examining for coremod candidacy Baubles-1.12-1.5.2.jar
[17:22:32] [main/DEBUG] [FML]: Not found coremod data in Baubles-1.12-1.5.2.jar
[17:22:32] [main/DEBUG] [FML]: Examining for coremod candidacy bdlib-1.14.3.12-mc1.12.2.jar
[17:22:32] [main/DEBUG] [FML]: Not found coremod data in bdlib-1.14.3.12-mc1.12.2.jar
[17:22:32] [main/DEBUG] [FML]: Examining for coremod candidacy BetterBuildersWands-1.12.2-0.13.2.271+5997513.jar
[17:22:32] [main/DEBUG] [FML]: Not found coremod data in BetterBuildersWands-1.12.2-0.13.2.271+5997513.jar
[17:22:32] [main/DEBUG] [FML]: Examining for coremod candidacy BetterQuestingUnofficial-4.1.0.jar
[17:22:32] [main/DEBUG] [FML]: Not found coremod data in BetterQuestingUnofficial-4.1.0.jar
[17:22:32] [main/DEBUG] [FML]: Examining for coremod candidacy Bookshelf-1.12.2-2.3.590.jar
[17:22:32] [main/DEBUG] [FML]: Not found coremod data in Bookshelf-1.12.2-2.3.590.jar
[17:22:32] [main/DEBUG] [FML]: Examining for coremod candidacy Bountiful-2.2.2.jar
[17:22:32] [main/DEBUG] [FML]: Not found coremod data in Bountiful-2.2.2.jar
[17:22:32] [main/DEBUG] [FML]: Examining for coremod candidacy BrandonsCore-1.12.2-2.4.20.162-universal.jar
[17:22:32] [main/DEBUG] [FML]: Not found coremod data in BrandonsCore-1.12.2-2.4.20.162-universal.jar
[17:22:32] [main/DEBUG] [FML]: Examining for coremod candidacy BuildingGadgets-2.8.4.jar
[17:22:32] [main/DEBUG] [FML]: Not found coremod data in BuildingGadgets-2.8.4.jar
[17:22:32] [main/DEBUG] [FML]: Examining for coremod candidacy censoredasm5.13.jar
[17:22:32] [main/INFO] [FML]: Loading tweaker org.spongepowered.asm.launch.MixinTweaker from censoredasm5.13.jar
[17:22:32] [main/DEBUG] [FML]: Examining for coremod candidacy Ceramics-1.12-1.3.7b.jar
[17:22:32] [main/DEBUG] [FML]: Not found coremod data in Ceramics-1.12-1.3.7b.jar
[17:22:32] [main/DEBUG] [FML]: Examining for coremod candidacy CEU-1.12.2-1.0.4.3.jar
[17:22:32] [main/DEBUG] [FML]: Not found coremod data in CEU-1.12.2-1.0.4.3.jar
[17:22:32] [main/DEBUG] [FML]: Examining for coremod candidacy Chameleon-1.12-4.1.3.jar
[17:22:32] [main/DEBUG] [FML]: Not found coremod data in Chameleon-1.12-4.1.3.jar
[17:22:32] [main/DEBUG] [FML]: Examining for coremod candidacy ChestTransporter-1.12.2-2.8.8.jar
[17:22:32] [main/DEBUG] [FML]: Not found coremod data in ChestTransporter-1.12.2-2.8.8.jar
[17:22:32] [main/DEBUG] [FML]: Examining for coremod candidacy Chisel-MC1.12.2-1.0.2.45.jar
[17:22:32] [main/DEBUG] [FML]: Not found coremod data in Chisel-MC1.12.2-1.0.2.45.jar
[17:22:32] [main/DEBUG] [FML]: Examining for coremod candidacy clearwater-1.2.jar
[17:22:32] [main/DEBUG] [FML]: Not found coremod data in clearwater-1.2.jar
[17:22:32] [main/DEBUG] [FML]: Examining for coremod candidacy Clipboard-1.12-1.3.0.jar
[17:22:32] [main/DEBUG] [FML]: Not found coremod data in Clipboard-1.12-1.3.0.jar
[17:22:32] [main/DEBUG] [FML]: Examining for coremod candidacy Clumps-3.1.2.jar
[17:22:32] [main/DEBUG] [FML]: Not found coremod data in Clumps-3.1.2.jar
[17:22:32] [main/DEBUG] [FML]: Examining for coremod candidacy CodeChickenLib-1.12.2-3.2.3.358-universal.jar
[17:22:32] [main/DEBUG] [FML]: Not found coremod data in CodeChickenLib-1.12.2-3.2.3.358-universal.jar
[17:22:32] [main/DEBUG] [FML]: Examining for coremod candidacy CoFHCore-1.12.2-4.6.6.1-universal.jar
[17:22:32] [main/DEBUG] [FML]: Not found coremod data in CoFHCore-1.12.2-4.6.6.1-universal.jar
[17:22:32] [main/DEBUG] [FML]: Examining for coremod candidacy CoFHWorld-1.12.2-1.4.0.1-universal.jar
[17:22:32] [main/DEBUG] [FML]: Not found coremod data in CoFHWorld-1.12.2-1.4.0.1-universal.jar
[17:22:32] [main/DEBUG] [FML]: Examining for coremod candidacy ContentTweaker-1.12.2-4.10.0.jar
[17:22:32] [main/DEBUG] [FML]: Not found coremod data in ContentTweaker-1.12.2-4.10.0.jar
[17:22:32] [main/DEBUG] [FML]: Examining for coremod candidacy CraftableElytra-1.1.jar
[17:22:32] [main/DEBUG] [FML]: Not found coremod data in CraftableElytra-1.1.jar
[17:22:32] [main/DEBUG] [FML]: Examining for coremod candidacy CraftingNetherStar 1.12.1 -1.1.jar
[17:22:32] [main/DEBUG] [FML]: Not found coremod data in CraftingNetherStar 1.12.1 -1.1.jar
[17:22:32] [main/DEBUG] [FML]: Examining for coremod candidacy CraftingTweaks_1.12.2-9.0.1.jar
[17:22:32] [main/DEBUG] [FML]: Not found coremod data in CraftingTweaks_1.12.2-9.0.1.jar
[17:22:32] [main/DEBUG] [FML]: Examining for coremod candidacy CraftTweaker2-1.12-4.1.20.680.jar
[17:22:32] [main/DEBUG] [FML]: Not found coremod data in CraftTweaker2-1.12-4.1.20.680.jar
[17:22:32] [main/DEBUG] [FML]: Examining for coremod candidacy CreativeCore_v1.10.65_mc1.12.2.jar
[17:22:32] [main/WARN] [FML]: Found FMLCorePluginContainsFMLMod marker in CreativeCore_v1.10.65_mc1.12.2.jar. This is not recommended, @Mods should be in a separate jar from the coremod.
[17:22:32] [main/DEBUG] [FML]: Instantiating coremod class CreativePatchingLoader
[17:22:32] [main/WARN] [FML]: The coremod com.creativemd.creativecore.core.CreativePatchingLoader does not have a MCVersion annotation, it may cause issues with this version of Minecraft
[17:22:32] [main/WARN] [FML]: The coremod CreativePatchingLoader (com.creativemd.creativecore.core.CreativePatchingLoader) is not signed!
[17:22:32] [main/DEBUG] [FML]: Enqueued coremod CreativePatchingLoader
[17:22:32] [main/DEBUG] [FML]: Examining for coremod candidacy Cucumber-1.12.2-1.1.3.jar
[17:22:32] [main/DEBUG] [FML]: Not found coremod data in Cucumber-1.12.2-1.1.3.jar
[17:22:32] [main/DEBUG] [FML]: Examining for coremod candidacy CustomStartingGear-1.12-1.2.0.9-universal.jar
[17:22:32] [main/DEBUG] [FML]: Not found coremod data in CustomStartingGear-1.12-1.2.0.9-universal.jar
[17:22:32] [main/DEBUG] [FML]: Examining for coremod candidacy DarkUtils-1.12.2-1.8.230.jar
[17:22:32] [main/DEBUG] [FML]: Not found coremod data in DarkUtils-1.12.2-1.8.230.jar
[17:22:32] [main/DEBUG] [FML]: Examining for coremod candidacy deepmoblearning-1.12.2-2.5.4-universal.jar
[17:22:32] [main/DEBUG] [FML]: Not found coremod data in deepmoblearning-1.12.2-2.5.4-universal.jar
[17:22:32] [main/DEBUG] [FML]: Examining for coremod candidacy DefaultWorldGenerator-port-1.12-2.3.1.jar
[17:22:32] [main/DEBUG] [FML]: Not found coremod data in DefaultWorldGenerator-port-1.12-2.3.1.jar
[17:22:32] [main/DEBUG] [FML]: Examining for coremod candidacy diethopper-1.1.jar
[17:22:32] [main/DEBUG] [FML]: Not found coremod data in diethopper-1.1.jar
[17:22:32] [main/DEBUG] [FML]: Examining for coremod candidacy DimensionalEdibles-1.12.2-1.6.4.jar
[17:22:32] [main/DEBUG] [FML]: Not found coremod data in DimensionalEdibles-1.12.2-1.6.4.jar
[17:22:32] [main/DEBUG] [FML]: Examining for coremod candidacy Draconic-Evolution-1.12.2-2.3.28.354-universal.jar
[17:22:32] [main/DEBUG] [FML]: Not found coremod data in Draconic-Evolution-1.12.2-2.3.28.354-universal.jar
[17:22:32] [main/DEBUG] [FML]: Examining for coremod candidacy effortlessbuilding-1.12.2-2.16.jar
[17:22:32] [main/DEBUG] [FML]: Not found coremod data in effortlessbuilding-1.12.2-2.16.jar
[17:22:32] [main/DEBUG] [FML]: Examining for coremod candidacy ElevatorMod-1.12.2-1.3.14.jar
[17:22:32] [main/DEBUG] [FML]: Not found coremod data in ElevatorMod-1.12.2-1.3.14.jar
[17:22:32] [main/DEBUG] [FML]: Examining for coremod candidacy EnderCore-1.12.2-0.5.77.jar
[17:22:32] [main/DEBUG] [FML]: Not found coremod data in EnderCore-1.12.2-0.5.77.jar
[17:22:32] [main/DEBUG] [FML]: Examining for coremod candidacy EnderIO-1.12.2-5.3.70.jar
[17:22:32] [main/DEBUG] [FML]: Not found coremod data in EnderIO-1.12.2-5.3.70.jar
[17:22:32] [main/DEBUG] [FML]: Examining for coremod candidacy EnderIO-endergy-1.12.2-5.3.70.jar
[17:22:32] [main/DEBUG] [FML]: Not found coremod data in EnderIO-endergy-1.12.2-5.3.70.jar
[17:22:32] [main/DEBUG] [FML]: Examining for coremod candidacy EnderStorage-1.12.2-2.4.6.137-universal.jar
[17:22:32] [main/DEBUG] [FML]: Not found coremod data in EnderStorage-1.12.2-2.4.6.137-universal.jar
[17:22:32] [main/DEBUG] [FML]: Examining for coremod candidacy extendedcrafting-nomifactory-edition-1.7.0.6.jar
[17:22:32] [main/DEBUG] [FML]: Not found coremod data in extendedcrafting-nomifactory-edition-1.7.0.6.jar
[17:22:32] [main/DEBUG] [FML]: Examining for coremod candidacy extrautils2-1.12-1.9.9.jar
[17:22:32] [main/DEBUG] [FML]: Not found coremod data in extrautils2-1.12-1.9.9.jar
[17:22:32] [main/DEBUG] [FML]: Examining for coremod candidacy FasterLadderClimbing-1.12-0.1-146.jar
[17:22:32] [main/DEBUG] [FML]: Not found coremod data in FasterLadderClimbing-1.12-0.1-146.jar
[17:22:32] [main/DEBUG] [FML]: Examining for coremod candidacy FastLeafDecay-v14.jar
[17:22:32] [main/DEBUG] [FML]: Not found coremod data in FastLeafDecay-v14.jar
[17:22:32] [main/DEBUG] [FML]: Examining for coremod candidacy FastWorkbench-1.12.2-1.7.4.jar
[17:22:32] [main/DEBUG] [FML]: Not found coremod data in FastWorkbench-1.12.2-1.7.4.jar
[17:22:32] [main/DEBUG] [FML]: Examining for coremod candidacy foamfix-0.10.14-1.12.2.jar
[17:22:32] [main/WARN] [FML]: Found FMLCorePluginContainsFMLMod marker in foamfix-0.10.14-1.12.2.jar. This is not recommended, @Mods should be in a separate jar from the coremod.
[17:22:32] [main/DEBUG] [FML]: Instantiating coremod class FoamFixCore
[17:22:32] [main/TRACE] [FML]: coremod named Do not report to Forge! (If you haven't disabled the FoamFix coremod, try disabling it in the config! Note that this bit of text will still appear.) is loading
[17:22:32] [main/WARN] [FML]: The coremod pl.asie.foamfix.coremod.FoamFixCore does not have a MCVersion annotation, it may cause issues with this version of Minecraft
[17:22:32] [main/DEBUG] [FML]: Found signing certificates for coremod Do not report to Forge! (If you haven't disabled the FoamFix coremod, try disabling it in the config! Note that this bit of text will still appear.) (pl.asie.foamfix.coremod.FoamFixCore)
[17:22:32] [main/DEBUG] [FML]: Found certificate 3481f72e377b0a1989bd38e3f07cf4cf0b626475
[17:22:32] [main/DEBUG] [FML]: Added access transformer class pl.asie.foamfix.coremod.FoamFixAT to enqueued access transformers
[17:22:32] [main/DEBUG] [FML]: Enqueued coremod Do not report to Forge! (If you haven't disabled the FoamFix coremod, try disabling it in the config! Note that this bit of text will still appear.)
[17:22:32] [main/DEBUG] [FML]: Examining for coremod candidacy forestry_1.12.2-5.8.2.422.jar
[17:22:32] [main/DEBUG] [FML]: Not found coremod data in forestry_1.12.2-5.8.2.422.jar
[17:22:32] [main/DEBUG] [FML]: Examining for coremod candidacy Forgelin-1.8.4.jar
[17:22:32] [main/WARN] [FML]: Found FMLCorePluginContainsFMLMod marker in Forgelin-1.8.4.jar. This is not recommended, @Mods should be in a separate jar from the coremod.
[17:22:32] [main/DEBUG] [FML]: Instantiating coremod class ForgelinPlugin
[17:22:32] [main/WARN] [FML]: The coremod net.shadowfacts.forgelin.preloader.ForgelinPlugin does not have a MCVersion annotation, it may cause issues with this version of Minecraft
[17:22:32] [main/WARN] [FML]: The coremod ForgelinPlugin (net.shadowfacts.forgelin.preloader.ForgelinPlugin) is not signed!
[17:22:32] [main/DEBUG] [FML]: Enqueued coremod ForgelinPlugin
[17:22:32] [main/DEBUG] [FML]: Examining for coremod candidacy ForgivingVoid_1.12.2-1.1.0.jar
[17:22:32] [main/DEBUG] [FML]: Not found coremod data in ForgivingVoid_1.12.2-1.1.0.jar
[17:22:32] [main/DEBUG] [FML]: Examining for coremod candidacy framedcompactdrawers-1.2.7.jar
[17:22:32] [main/DEBUG] [FML]: Not found coremod data in framedcompactdrawers-1.2.7.jar
[17:22:32] [main/DEBUG] [FML]: Examining for coremod candidacy FTBBackups-1.1.0.1.jar
[17:22:32] [main/DEBUG] [FML]: Not found coremod data in FTBBackups-1.1.0.1.jar
[17:22:32] [main/DEBUG] [FML]: Examining for coremod candidacy FTBLib-5.4.7.2.jar
[17:22:32] [main/DEBUG] [FML]: Not found coremod data in FTBLib-5.4.7.2.jar
[17:22:32] [main/DEBUG] [FML]: Examining for coremod candidacy FTBUtilities-5.4.1.131.jar
[17:22:32] [main/DEBUG] [FML]: Not found coremod data in FTBUtilities-5.4.1.131.jar
[17:22:32] [main/DEBUG] [FML]: Examining for coremod candidacy gregtech-1.12.2-1.17.1.770-patched.jar
[17:22:32] [main/WARN] [FML]: Found FMLCorePluginContainsFMLMod marker in gregtech-1.12.2-1.17.1.770-patched.jar. This is not recommended, @Mods should be in a separate jar from the coremod.
[17:22:32] [main/DEBUG] [FML]: Instantiating coremod class GTCELoadingPlugin
[17:22:32] [main/TRACE] [FML]: coremod named GTCELoadingPlugin is loading
[17:22:32] [main/DEBUG] [FML]: The coremod gregtech.common.asm.GTCELoadingPlugin requested minecraft version 1.12.2 and minecraft is 1.12.2. It will be loaded.
[17:22:32] [main/WARN] [FML]: The coremod GTCELoadingPlugin (gregtech.common.asm.GTCELoadingPlugin) is not signed!
[17:22:32] [main/DEBUG] [FML]: Enqueued coremod GTCELoadingPlugin
[17:22:32] [main/DEBUG] [FML]: Examining for coremod candidacy gregtech-1.12.2-1.17.1.770.jar
[17:22:32] [main/WARN] [FML]: Found FMLCorePluginContainsFMLMod marker in gregtech-1.12.2-1.17.1.770.jar. This is not recommended, @Mods should be in a separate jar from the coremod.
[17:22:32] [main/DEBUG] [FML]: Instantiating coremod class GTCELoadingPlugin
[17:22:32] [main/TRACE] [FML]: coremod named GTCELoadingPlugin is loading
[17:22:32] [main/DEBUG] [FML]: The coremod gregtech.common.asm.GTCELoadingPlugin requested minecraft version 1.12.2 and minecraft is 1.12.2. It will be loaded.
[17:22:32] [main/WARN] [FML]: The coremod GTCELoadingPlugin (gregtech.common.asm.GTCELoadingPlugin) is not signed!
[17:22:32] [main/DEBUG] [FML]: Enqueued coremod GTCELoadingPlugin
[17:22:32] [main/DEBUG] [FML]: Examining for coremod candidacy Guide-API-1.12-2.1.8-63.jar
[17:22:32] [main/DEBUG] [FML]: Not found coremod data in Guide-API-1.12-2.1.8-63.jar
[17:22:32] [main/DEBUG] [FML]: Examining for coremod candidacy hooked-1.0.3.jar
[17:22:32] [main/DEBUG] [FML]: Not found coremod data in hooked-1.0.3.jar
[17:22:32] [main/DEBUG] [FML]: Examining for coremod candidacy Inspirations-1.12.2-0.2.9.jar
[17:22:32] [main/DEBUG] [FML]: Not found coremod data in Inspirations-1.12.2-0.2.9.jar
[17:22:32] [main/DEBUG] [FML]: Examining for coremod candidacy InventoryTweaks-1.63.jar
[17:22:32] [main/WARN] [FML]: Found FMLCorePluginContainsFMLMod marker in InventoryTweaks-1.63.jar. This is not recommended, @Mods should be in a separate jar from the coremod.
[17:22:32] [main/DEBUG] [FML]: Instantiating coremod class FMLPlugin
[17:22:32] [main/TRACE] [FML]: coremod named Inventory Tweaks Coremod is loading
[17:22:32] [main/WARN] [FML]: The coremod invtweaks.forge.asm.FMLPlugin does not have a MCVersion annotation, it may cause issues with this version of Minecraft
[17:22:32] [main/DEBUG] [FML]: Found signing certificates for coremod Inventory Tweaks Coremod (invtweaks.forge.asm.FMLPlugin)
[17:22:32] [main/DEBUG] [FML]: Found certificate 55d2cd4f5f0961410bf7b91ef6c6bf00a766dcbe
[17:22:32] [main/DEBUG] [FML]: Added access transformer class invtweaks.forge.asm.ITAccessTransformer to enqueued access transformers
[17:22:32] [main/DEBUG] [FML]: Enqueued coremod Inventory Tweaks Coremod
[17:22:32] [main/DEBUG] [FML]: Examining for coremod candidacy jei_1.12.2-4.16.1.302.jar
[17:22:32] [main/DEBUG] [FML]: Not found coremod data in jei_1.12.2-4.16.1.302.jar
[17:22:32] [main/DEBUG] [FML]: Examining for coremod candidacy journeymap-1.12.2-5.7.1.jar
[17:22:32] [main/DEBUG] [FML]: Not found coremod data in journeymap-1.12.2-5.7.1.jar
[17:22:32] [main/DEBUG] [FML]: Examining for coremod candidacy JustEnoughCalculation-1.12.2-3.2.6.jar
[17:22:32] [main/DEBUG] [FML]: Not found coremod data in JustEnoughCalculation-1.12.2-3.2.6.jar
[17:22:32] [main/DEBUG] [FML]: Examining for coremod candidacy justenoughdimensions-1.12.2-1.6.0-dev.20200416.184714.jar
[17:22:32] [main/DEBUG] [FML]: Not found coremod data in justenoughdimensions-1.12.2-1.6.0-dev.20200416.184714.jar
[17:22:32] [main/DEBUG] [FML]: Examining for coremod candidacy librarianlib-1.12.2-4.22.jar
[17:22:32] [main/WARN] [FML]: Found FMLCorePluginContainsFMLMod marker in librarianlib-1.12.2-4.22.jar. This is not recommended, @Mods should be in a separate jar from the coremod.
[17:22:32] [main/DEBUG] [FML]: Instantiating coremod class LibLibCorePlugin
[17:22:32] [main/TRACE] [FML]: coremod named LibrarianLib Plugin is loading
[17:22:32] [main/WARN] [FML]: The coremod com.teamwizardry.librarianlib.asm.LibLibCorePlugin does not have a MCVersion annotation, it may cause issues with this version of Minecraft
[17:22:32] [main/WARN] [FML]: The coremod LibrarianLib Plugin (com.teamwizardry.librarianlib.asm.LibLibCorePlugin) is not signed!
[17:22:32] [main/DEBUG] [FML]: Enqueued coremod LibrarianLib Plugin
[17:22:32] [main/DEBUG] [FML]: Examining for coremod candidacy LibVulpes-1.12.2-0.4.2-75-universal.jar
[17:22:32] [main/DEBUG] [FML]: Not found coremod data in LibVulpes-1.12.2-0.4.2-75-universal.jar
[17:22:32] [main/DEBUG] [FML]: Examining for coremod candidacy LittleTiles_v1.5.27_mc1.12.2.jar
[17:22:32] [main/WARN] [FML]: Found FMLCorePluginContainsFMLMod marker in LittleTiles_v1.5.27_mc1.12.2.jar. This is not recommended, @Mods should be in a separate jar from the coremod.
[17:22:32] [main/DEBUG] [FML]: Instantiating coremod class LittlePatchingLoader
[17:22:32] [main/WARN] [FML]: The coremod com.creativemd.littletiles.LittlePatchingLoader does not have a MCVersion annotation, it may cause issues with this version of Minecraft
[17:22:32] [main/WARN] [FML]: The coremod LittlePatchingLoader (com.creativemd.littletiles.LittlePatchingLoader) is not signed!
[17:22:32] [main/DEBUG] [FML]: Added access transformer class com.creativemd.littletiles.LittleTilesAfterTransformer to enqueued access transformers
[17:22:32] [main/DEBUG] [FML]: Enqueued coremod LittlePatchingLoader
[17:22:32] [main/DEBUG] [FML]: Examining for coremod candidacy logisticspipes-0.10.4.7.jar
[17:22:32] [main/WARN] [FML]: Found FMLCorePluginContainsFMLMod marker in logisticspipes-0.10.4.7.jar. This is not recommended, @Mods should be in a separate jar from the coremod.
[17:22:32] [main/DEBUG] [FML]: Instantiating coremod class LogisticsPipesCoreLoader
[17:22:32] [main/WARN] [FML]: The coremod logisticspipes.asm.LogisticsPipesCoreLoader does not have a MCVersion annotation, it may cause issues with this version of Minecraft
[17:22:32] [main/WARN] [FML]: The coremod LogisticsPipesCoreLoader (logisticspipes.asm.LogisticsPipesCoreLoader) is not signed!
[17:22:32] [main/DEBUG] [FML]: Enqueued coremod LogisticsPipesCoreLoader
[17:22:32] [main/DEBUG] [FML]: Examining for coremod candidacy LootTweaker-0.2.0+MC1.12.2.jar
[17:22:32] [main/DEBUG] [FML]: Not found coremod data in LootTweaker-0.2.0+MC1.12.2.jar
[17:22:32] [main/DEBUG] [FML]: Examining for coremod candidacy lostcities-1.12-2.0.22.jar
[17:22:32] [main/DEBUG] [FML]: Not found coremod data in lostcities-1.12-2.0.22.jar
[17:22:32] [main/DEBUG] [FML]: Examining for coremod candidacy lumberjack-1.4.1.jar
[17:22:32] [main/DEBUG] [FML]: Not found coremod data in lumberjack-1.4.1.jar
[17:22:32] [main/DEBUG] [FML]: Examining for coremod candidacy Mantle-1.12-1.3.3.55.jar
[17:22:32] [main/DEBUG] [FML]: Not found coremod data in Mantle-1.12-1.3.3.55.jar
[17:22:32] [main/DEBUG] [FML]: Examining for coremod candidacy modtweaker-4.0.20.11.jar
[17:22:32] [main/DEBUG] [FML]: Not found coremod data in modtweaker-4.0.20.11.jar
[17:22:32] [main/DEBUG] [FML]: Examining for coremod candidacy Modular Diversity-1.5.jar
[17:22:32] [main/DEBUG] [FML]: Not found coremod data in Modular Diversity-1.5.jar
[17:22:32] [main/DEBUG] [FML]: Examining for coremod candidacy modularmachinery-1.12.2-1.10.0.jar
[17:22:32] [main/DEBUG] [FML]: Not found coremod data in modularmachinery-1.12.2-1.10.0.jar
[17:22:32] [main/DEBUG] [FML]: Examining for coremod candidacy More-Cauldrons-1.4.6.jar
[17:22:32] [main/DEBUG] [FML]: Not found coremod data in More-Cauldrons-1.4.6.jar
[17:22:32] [main/DEBUG] [FML]: Examining for coremod candidacy MoreFurnaces-Nomifactory-Edition-1.12.2-1.11.0.jar
[17:22:32] [main/DEBUG] [FML]: Not found coremod data in MoreFurnaces-Nomifactory-Edition-1.12.2-1.11.0.jar
[17:22:32] [main/DEBUG] [FML]: Examining for coremod candidacy morelibs-1.12.2-1.2.2.jar
[17:22:32] [main/DEBUG] [FML]: Not found coremod data in morelibs-1.12.2-1.2.2.jar
[17:22:32] [main/DEBUG] [FML]: Examining for coremod candidacy moreplates-1.12.2-5.5.2.jar
[17:22:32] [main/DEBUG] [FML]: Not found coremod data in moreplates-1.12.2-5.5.2.jar
[17:22:32] [main/DEBUG] [FML]: Examining for coremod candidacy Morpheus-1.12.2-3.5.106.jar
[17:22:32] [main/DEBUG] [FML]: Not found coremod data in Morpheus-1.12.2-3.5.106.jar
[17:22:32] [main/DEBUG] [FML]: Examining for coremod candidacy MTLib-3.0.7.jar
[17:22:32] [main/DEBUG] [FML]: Not found coremod data in MTLib-3.0.7.jar
[17:22:32] [main/DEBUG] [FML]: Examining for coremod candidacy multiblocktweaker-1.12.2-stable-1.6.0.jar
[17:22:32] [main/DEBUG] [FML]: Not found coremod data in multiblocktweaker-1.12.2-stable-1.6.0.jar
[17:22:32] [main/DEBUG] [FML]: Examining for coremod candidacy nae2-1.2.0.jar
[17:22:32] [main/WARN] [FML]: Found FMLCorePluginContainsFMLMod marker in nae2-1.2.0.jar. This is not recommended, @Mods should be in a separate jar from the coremod.
[17:22:32] [main/DEBUG] [FML]: Instantiating coremod class NAE2MixinPlugin
[17:22:32] [main/TRACE] [FML]: coremod named NAE2-Core is loading
[17:22:32] [main/DEBUG] [FML]: The coremod co.neeve.nae2.NAE2MixinPlugin requested minecraft version 1.12.2 and minecraft is 1.12.2. It will be loaded.
[17:22:32] [main/WARN] [FML]: The coremod NAE2-Core (co.neeve.nae2.NAE2MixinPlugin) is not signed!
[17:22:32] [main/DEBUG] [FML]: Enqueued coremod NAE2-Core
[17:22:32] [main/DEBUG] [FML]: Examining for coremod candidacy nonetherportals-1.1.0.jar
[17:22:32] [main/DEBUG] [FML]: Not found coremod data in nonetherportals-1.1.0.jar
[17:22:32] [main/DEBUG] [FML]: Examining for coremod candidacy NuclearCraft-2.18y-1.12.2.jar
[17:22:32] [main/DEBUG] [FML]: Not found coremod data in NuclearCraft-2.18y-1.12.2.jar
[17:22:32] [main/DEBUG] [FML]: Examining for coremod candidacy oauth-1.06.4.jar
[17:22:32] [main/DEBUG] [FML]: Not found coremod data in oauth-1.06.4.jar
[17:22:32] [main/DEBUG] [FML]: Examining for coremod candidacy OpenGlider-1.12.1-1.1.0.jar
[17:22:32] [main/DEBUG] [FML]: Not found coremod data in OpenGlider-1.12.1-1.1.0.jar
[17:22:32] [main/DEBUG] [FML]: Examining for coremod candidacy OreSpawn-1.12-3.3.1.179.jar
[17:22:32] [main/DEBUG] [FML]: Not found coremod data in OreSpawn-1.12-3.3.1.179.jar
[17:22:32] [main/DEBUG] [FML]: Examining for coremod candidacy p455w0rdslib-1.12.2-2.3.161.jar
[17:22:32] [main/DEBUG] [FML]: Not found coremod data in p455w0rdslib-1.12.2-2.3.161.jar
[17:22:32] [main/DEBUG] [FML]: Examining for coremod candidacy PackagedAuto-1.12.2-1.0.6.21.jar
[17:22:32] [main/DEBUG] [FML]: Not found coremod data in PackagedAuto-1.12.2-1.0.6.21.jar
[17:22:32] [main/DEBUG] [FML]: Examining for coremod candidacy PackagedExCrafting-1.12.2-1.0.2.3.jar
[17:22:32] [main/DEBUG] [FML]: Not found coremod data in PackagedExCrafting-1.12.2-1.0.2.3.jar
[17:22:32] [main/DEBUG] [FML]: Examining for coremod candidacy Patchouli-1.0-23.6.jar
[17:22:32] [main/DEBUG] [FML]: Not found coremod data in Patchouli-1.0-23.6.jar
[17:22:32] [main/DEBUG] [FML]: Examining for coremod candidacy Placebo-1.12.2-1.6.0.jar
[17:22:32] [main/DEBUG] [FML]: Not found coremod data in Placebo-1.12.2-1.6.0.jar
[17:22:32] [main/DEBUG] [FML]: Examining for coremod candidacy ProjectIntelligence-1.12.2-1.0.9.28-universal.jar
[17:22:32] [main/DEBUG] [FML]: Not found coremod data in ProjectIntelligence-1.12.2-1.0.9.28-universal.jar
[17:22:32] [main/DEBUG] [FML]: Examining for coremod candidacy randompatches-1.12.2-1.22.1.10.jar
[17:22:32] [main/TRACE] [FML]: Adding randompatches-1.12.2-1.22.1.10.jar to the list of known coremods, it will not be examined again
[17:22:32] [main/DEBUG] [FML]: Instantiating coremod class RPCore
[17:22:32] [main/TRACE] [FML]: coremod named RandomPatches is loading
[17:22:32] [main/WARN] [FML]: The coremod com.therandomlabs.randompatches.core.RPCore does not have a MCVersion annotation, it may cause issues with this version of Minecraft
[17:22:32] [main/DEBUG] [FML]: Found signing certificates for coremod RandomPatches (com.therandomlabs.randompatches.core.RPCore)
[17:22:32] [main/DEBUG] [FML]: Found certificate 20d08fb3fe9c268a63a75d337fb507464c8aaccd
[17:22:32] [main/DEBUG] [FML]: Enqueued coremod RandomPatches
[17:22:32] [main/DEBUG] [FML]: Examining for coremod candidacy rangedpumps-0.5.jar
[17:22:32] [main/DEBUG] [FML]: Not found coremod data in rangedpumps-0.5.jar
[17:22:32] [main/DEBUG] [FML]: Examining for coremod candidacy RealBench-1.12.2-1.3.3.jar
[17:22:32] [main/TRACE] [FML]: Adding RealBench-1.12.2-1.3.3.jar to the list of known coremods, it will not be examined again
[17:22:32] [main/DEBUG] [FML]: Instantiating coremod class RBLoadingPlugin
[17:22:32] [main/DEBUG] [FML]: The coremod pw.prok.realbench.asm.RBLoadingPlugin requested minecraft version 1.12.2 and minecraft is 1.12.2. It will be loaded.
[17:22:32] [main/WARN] [FML]: The coremod RBLoadingPlugin (pw.prok.realbench.asm.RBLoadingPlugin) is not signed!
[17:22:32] [main/DEBUG] [FML]: Added access transformer class pw.prok.realbench.asm.RBAccessTransformer to enqueued access transformers
[17:22:32] [main/DEBUG] [FML]: Enqueued coremod RBLoadingPlugin
[17:22:32] [main/DEBUG] [FML]: Examining for coremod candidacy RedstoneArsenal-1.12.2-2.6.6.1-universal.jar
[17:22:32] [main/DEBUG] [FML]: Not found coremod data in RedstoneArsenal-1.12.2-2.6.6.1-universal.jar
[17:22:32] [main/DEBUG] [FML]: Examining for coremod candidacy RedstoneFlux-1.12-2.1.1.1-universal.jar
[17:22:32] [main/DEBUG] [FML]: Not found coremod data in RedstoneFlux-1.12-2.1.1.1-universal.jar
[17:22:32] [main/DEBUG] [FML]: Examining for coremod candidacy Scannable-MC1.12.2-1.6.3.26.jar
[17:22:32] [main/DEBUG] [FML]: Not found coremod data in Scannable-MC1.12.2-1.6.3.26.jar
[17:22:32] [main/DEBUG] [FML]: Examining for coremod candidacy serializationisbad-1.3.jar
[17:22:32] [main/TRACE] [FML]: Adding serializationisbad-1.3.jar to the list of known coremods, it will not be examined again
[17:22:32] [main/DEBUG] [FML]: Instantiating coremod class SerializationIsBadCoreMod
[17:22:32] [main/TRACE] [FML]: coremod named serializationisbad is loading
[17:22:32] [main/WARN] [FML]: The coremod io.dogboy.serializationisbad.legacyforge.SerializationIsBadCoreMod does not have a MCVersion annotation, it may cause issues with this version of Minecraft
[17:22:32] [main/WARN] [FML]: The coremod serializationisbad (io.dogboy.serializationisbad.legacyforge.SerializationIsBadCoreMod) is not signed!
[17:22:32] [main/INFO] [io.dogboy.serializationisbad.core.SerializationIsBad]: Initializing SerializationIsBad, implementation type: legacyforge
[17:22:32] [main/ERROR] [io.dogboy.serializationisbad.core.SerializationIsBad]: Failed to load remote config file
javax.net.ssl.SSLHandshakeException: sun.security.validator.ValidatorException: PKIX path building failed: sun.security.provider.certpath.SunCertPathBuilderException: unable to find valid certification path to requested target
	at sun.security.ssl.Alert.createSSLException(Unknown Source) ~[?:1.8.0_381]
	at sun.security.ssl.TransportContext.fatal(Unknown Source) ~[?:1.8.0_381]
	at sun.security.ssl.TransportContext.fatal(Unknown Source) ~[?:1.8.0_381]
	at sun.security.ssl.TransportContext.fatal(Unknown Source) ~[?:1.8.0_381]
	at sun.security.ssl.CertificateMessage$T13CertificateConsumer.checkServerCerts(Unknown Source) ~[?:1.8.0_381]
	at sun.security.ssl.CertificateMessage$T13CertificateConsumer.onConsumeCertificate(Unknown Source) ~[?:1.8.0_381]
	at sun.security.ssl.CertificateMessage$T13CertificateConsumer.consume(Unknown Source) ~[?:1.8.0_381]
	at sun.security.ssl.SSLHandshake.consume(Unknown Source) ~[?:1.8.0_381]
	at sun.security.ssl.HandshakeContext.dispatch(Unknown Source) ~[?:1.8.0_381]
	at sun.security.ssl.HandshakeContext.dispatch(Unknown Source) ~[?:1.8.0_381]
	at sun.security.ssl.TransportContext.dispatch(Unknown Source) ~[?:1.8.0_381]
	at sun.security.ssl.SSLTransport.decode(Unknown Source) ~[?:1.8.0_381]
	at sun.security.ssl.SSLSocketImpl.decode(Unknown Source) ~[?:1.8.0_381]
	at sun.security.ssl.SSLSocketImpl.readHandshakeRecord(Unknown Source) ~[?:1.8.0_381]
	at sun.security.ssl.SSLSocketImpl.startHandshake(Unknown Source) ~[?:1.8.0_381]
	at sun.security.ssl.SSLSocketImpl.startHandshake(Unknown Source) ~[?:1.8.0_381]
	at sun.net.www.protocol.https.HttpsClient.afterConnect(Unknown Source) ~[?:1.8.0_381]
	at sun.net.www.protocol.https.AbstractDelegateHttpsURLConnection.connect(Unknown Source) ~[?:1.8.0_381]
	at sun.net.www.protocol.http.HttpURLConnection.getInputStream0(Unknown Source) ~[?:1.8.0_381]
	at sun.net.www.protocol.http.HttpURLConnection.access$200(Unknown Source) ~[?:1.8.0_381]
	at sun.net.www.protocol.http.HttpURLConnection$9.run(Unknown Source) ~[?:1.8.0_381]
	at sun.net.www.protocol.http.HttpURLConnection$9.run(Unknown Source) ~[?:1.8.0_381]
	at java.security.AccessController.doPrivileged(Native Method) ~[?:1.8.0_381]
	at java.security.AccessController.doPrivilegedWithCombiner(Unknown Source) ~[?:1.8.0_381]
	at sun.net.www.protocol.http.HttpURLConnection.getInputStream(Unknown Source) ~[?:1.8.0_381]
	at sun.net.www.protocol.https.HttpsURLConnectionImpl.getInputStream(Unknown Source) ~[?:1.8.0_381]
	at java.net.URL.openStream(Unknown Source) ~[?:1.8.0_381]
	at io.dogboy.serializationisbad.core.SerializationIsBad.readRemoteConfig(SerializationIsBad.java:74) [serializationisbad-1.3.jar:1.3]
	at io.dogboy.serializationisbad.core.SerializationIsBad.readConfig(SerializationIsBad.java:55) [serializationisbad-1.3.jar:1.3]
	at io.dogboy.serializationisbad.core.SerializationIsBad.<init>(SerializationIsBad.java:41) [serializationisbad-1.3.jar:1.3]
	at io.dogboy.serializationisbad.core.SerializationIsBad.init(SerializationIsBad.java:35) [serializationisbad-1.3.jar:1.3]
	at io.dogboy.serializationisbad.legacyforge.SerializationIsBadCoreMod.<init>(SerializationIsBadCoreMod.java:19) [serializationisbad-1.3.jar:1.3]
	at sun.reflect.NativeConstructorAccessorImpl.newInstance0(Native Method) ~[?:1.8.0_381]
	at sun.reflect.NativeConstructorAccessorImpl.newInstance(Unknown Source) [?:1.8.0_381]
	at sun.reflect.DelegatingConstructorAccessorImpl.newInstance(Unknown Source) [?:1.8.0_381]
	at java.lang.reflect.Constructor.newInstance(Unknown Source) [?:1.8.0_381]
	at java.lang.Class.newInstance(Unknown Source) [?:1.8.0_381]
	at net.minecraftforge.fml.relauncher.CoreModManager.loadCoreMod(CoreModManager.java:594) [forge-1.12.2-14.23.5.2860.jar:?]
	at net.minecraftforge.fml.relauncher.CoreModManager.discoverCoreMods(CoreModManager.java:451) [forge-1.12.2-14.23.5.2860.jar:?]
	at net.minecraftforge.fml.relauncher.CoreModManager.handleLaunch(CoreModManager.java:265) [forge-1.12.2-14.23.5.2860.jar:?]
	at net.minecraftforge.fml.relauncher.FMLLaunchHandler.setupHome(FMLLaunchHandler.java:107) [forge-1.12.2-14.23.5.2860.jar:?]
	at net.minecraftforge.fml.relauncher.FMLLaunchHandler.setupServer(FMLLaunchHandler.java:87) [forge-1.12.2-14.23.5.2860.jar:?]
	at net.minecraftforge.fml.relauncher.FMLLaunchHandler.configureForServerLaunch(FMLLaunchHandler.java:47) [forge-1.12.2-14.23.5.2860.jar:?]
	at net.minecraftforge.fml.common.launcher.FMLServerTweaker.injectIntoClassLoader(FMLServerTweaker.java:62) [forge-1.12.2-14.23.5.2860.jar:?]
	at net.minecraft.launchwrapper.Launch.launch(Launch.java:115) [launchwrapper-1.12.jar:?]
	at net.minecraft.launchwrapper.Launch.main(Launch.java:28) [launchwrapper-1.12.jar:?]
	at sun.reflect.NativeMethodAccessorImpl.invoke0(Native Method) ~[?:1.8.0_381]
	at sun.reflect.NativeMethodAccessorImpl.invoke(Unknown Source) ~[?:1.8.0_381]
	at sun.reflect.DelegatingMethodAccessorImpl.invoke(Unknown Source) ~[?:1.8.0_381]
	at java.lang.reflect.Method.invoke(Unknown Source) ~[?:1.8.0_381]
	at net.minecraftforge.fml.relauncher.ServerLaunchWrapper.run(ServerLaunchWrapper.java:70) [forge-1.12.2-14.23.5.2860.jar:?]
	at net.minecraftforge.fml.relauncher.ServerLaunchWrapper.main(ServerLaunchWrapper.java:34) [forge-1.12.2-14.23.5.2860.jar:?]
Caused by: sun.security.validator.ValidatorException: PKIX path building failed: sun.security.provider.certpath.SunCertPathBuilderException: unable to find valid certification path to requested target
	at sun.security.validator.PKIXValidator.doBuild(Unknown Source) ~[?:1.8.0_381]
	at sun.security.validator.PKIXValidator.engineValidate(Unknown Source) ~[?:1.8.0_381]
	at sun.security.validator.Validator.validate(Unknown Source) ~[?:1.8.0_381]
	at sun.security.ssl.X509TrustManagerImpl.validate(Unknown Source) ~[?:1.8.0_381]
	at sun.security.ssl.X509TrustManagerImpl.checkTrusted(Unknown Source) ~[?:1.8.0_381]
	at sun.security.ssl.X509TrustManagerImpl.checkServerTrusted(Unknown Source) ~[?:1.8.0_381]
	... 48 more
Caused by: sun.security.provider.certpath.SunCertPathBuilderException: unable to find valid certification path to requested target
	at sun.security.provider.certpath.SunCertPathBuilder.build(Unknown Source) ~[?:1.8.0_381]
	at sun.security.provider.certpath.SunCertPathBuilder.engineBuild(Unknown Source) ~[?:1.8.0_381]
	at java.security.cert.CertPathBuilder.build(Unknown Source) ~[?:1.8.0_381]
	at sun.security.validator.PKIXValidator.doBuild(Unknown Source) ~[?:1.8.0_381]
	at sun.security.validator.PKIXValidator.engineValidate(Unknown Source) ~[?:1.8.0_381]
	at sun.security.validator.Validator.validate(Unknown Source) ~[?:1.8.0_381]
	at sun.security.ssl.X509TrustManagerImpl.validate(Unknown Source) ~[?:1.8.0_381]
	at sun.security.ssl.X509TrustManagerImpl.checkTrusted(Unknown Source) ~[?:1.8.0_381]
	at sun.security.ssl.X509TrustManagerImpl.checkServerTrusted(Unknown Source) ~[?:1.8.0_381]
	... 48 more
[17:22:32] [main/ERROR] [LaunchWrapper]: Unable to launch
java.lang.RuntimeException: An error occurred trying to configure the Minecraft home at D:\nomifactory-dev-f05d2f5-server\. for Forge Mod Loader
	at net.minecraftforge.fml.relauncher.FMLLaunchHandler.setupHome(FMLLaunchHandler.java:111) ~[forge-1.12.2-14.23.5.2860.jar:?]
	at net.minecraftforge.fml.relauncher.FMLLaunchHandler.setupServer(FMLLaunchHandler.java:87) ~[forge-1.12.2-14.23.5.2860.jar:?]
	at net.minecraftforge.fml.relauncher.FMLLaunchHandler.configureForServerLaunch(FMLLaunchHandler.java:47) ~[forge-1.12.2-14.23.5.2860.jar:?]
	at net.minecraftforge.fml.common.launcher.FMLServerTweaker.injectIntoClassLoader(FMLServerTweaker.java:62) ~[forge-1.12.2-14.23.5.2860.jar:?]
	at net.minecraft.launchwrapper.Launch.launch(Launch.java:115) [launchwrapper-1.12.jar:?]
	at net.minecraft.launchwrapper.Launch.main(Launch.java:28) [launchwrapper-1.12.jar:?]
	at sun.reflect.NativeMethodAccessorImpl.invoke0(Native Method) ~[?:1.8.0_381]
	at sun.reflect.NativeMethodAccessorImpl.invoke(Unknown Source) ~[?:1.8.0_381]
	at sun.reflect.DelegatingMethodAccessorImpl.invoke(Unknown Source) ~[?:1.8.0_381]
	at java.lang.reflect.Method.invoke(Unknown Source) ~[?:1.8.0_381]
	at net.minecraftforge.fml.relauncher.ServerLaunchWrapper.run(ServerLaunchWrapper.java:70) [forge-1.12.2-14.23.5.2860.jar:?]
	at net.minecraftforge.fml.relauncher.ServerLaunchWrapper.main(ServerLaunchWrapper.java:34) [forge-1.12.2-14.23.5.2860.jar:?]
Caused by: java.lang.RuntimeException: You are currently using SerializationIsBad without a config file. The mod on its own doesn't do anything so please install a config file patching the vulnerabilities to .\config\serializationisbad.json
	at io.dogboy.serializationisbad.core.SerializationIsBad.readConfig(SerializationIsBad.java:69) ~[serializationisbad-1.3.jar:1.3]
	at io.dogboy.serializationisbad.core.SerializationIsBad.<init>(SerializationIsBad.java:41) ~[serializationisbad-1.3.jar:1.3]
	at io.dogboy.serializationisbad.core.SerializationIsBad.init(SerializationIsBad.java:35) ~[serializationisbad-1.3.jar:1.3]
	at io.dogboy.serializationisbad.legacyforge.SerializationIsBadCoreMod.<init>(SerializationIsBadCoreMod.java:19) ~[serializationisbad-1.3.jar:1.3]
	at sun.reflect.NativeConstructorAccessorImpl.newInstance0(Native Method) ~[?:1.8.0_381]
	at sun.reflect.NativeConstructorAccessorImpl.newInstance(Unknown Source) ~[?:1.8.0_381]
	at sun.reflect.DelegatingConstructorAccessorImpl.newInstance(Unknown Source) ~[?:1.8.0_381]
	at java.lang.reflect.Constructor.newInstance(Unknown Source) ~[?:1.8.0_381]
	at java.lang.Class.newInstance(Unknown Source) ~[?:1.8.0_381]
	at net.minecraftforge.fml.relauncher.CoreModManager.loadCoreMod(CoreModManager.java:594) ~[forge-1.12.2-14.23.5.2860.jar:?]
	at net.minecraftforge.fml.relauncher.CoreModManager.discoverCoreMods(CoreModManager.java:451) ~[forge-1.12.2-14.23.5.2860.jar:?]
	at net.minecraftforge.fml.relauncher.CoreModManager.handleLaunch(CoreModManager.java:265) ~[forge-1.12.2-14.23.5.2860.jar:?]
	at net.minecraftforge.fml.relauncher.FMLLaunchHandler.setupHome(FMLLaunchHandler.java:107) ~[forge-1.12.2-14.23.5.2860.jar:?]
	... 11 more
[17:22:32] [main/INFO] [STDERR]: [net.minecraftforge.fml.relauncher.ServerLaunchWrapper:main:34]: java.lang.reflect.InvocationTargetException
[17:22:32] [main/INFO] [STDERR]: [net.minecraftforge.fml.relauncher.ServerLaunchWrapper:main:34]: 	at sun.reflect.NativeMethodAccessorImpl.invoke0(Native Method)
[17:22:32] [main/INFO] [STDERR]: [net.minecraftforge.fml.relauncher.ServerLaunchWrapper:main:34]: 	at sun.reflect.NativeMethodAccessorImpl.invoke(Unknown Source)
[17:22:32] [main/INFO] [STDERR]: [net.minecraftforge.fml.relauncher.ServerLaunchWrapper:main:34]: 	at sun.reflect.DelegatingMethodAccessorImpl.invoke(Unknown Source)
[17:22:32] [main/INFO] [STDERR]: [net.minecraftforge.fml.relauncher.ServerLaunchWrapper:main:34]: 	at java.lang.reflect.Method.invoke(Unknown Source)
[17:22:32] [main/INFO] [STDERR]: [net.minecraftforge.fml.relauncher.ServerLaunchWrapper:main:34]: 	at net.minecraftforge.fml.relauncher.ServerLaunchWrapper.run(ServerLaunchWrapper.java:70)
[17:22:32] [main/INFO] [STDERR]: [net.minecraftforge.fml.relauncher.ServerLaunchWrapper:main:34]: 	at net.minecraftforge.fml.relauncher.ServerLaunchWrapper.main(ServerLaunchWrapper.java:34)
[17:22:32] [main/INFO] [STDERR]: [net.minecraftforge.fml.relauncher.ServerLaunchWrapper:run:75]: Caused by: net.minecraftforge.fml.relauncher.FMLSecurityManager$ExitTrappedException
[17:22:32] [main/INFO] [STDERR]: [net.minecraftforge.fml.relauncher.ServerLaunchWrapper:run:75]: 	at net.minecraftforge.fml.relauncher.FMLSecurityManager.checkPermission(FMLSecurityManager.java:49)
[17:22:32] [main/INFO] [STDERR]: [net.minecraftforge.fml.relauncher.ServerLaunchWrapper:run:75]: 	at java.lang.SecurityManager.checkExit(Unknown Source)
[17:22:32] [main/INFO] [STDERR]: [net.minecraftforge.fml.relauncher.ServerLaunchWrapper:run:75]: 	at java.lang.Runtime.exit(Unknown Source)
[17:22:32] [main/INFO] [STDERR]: [net.minecraftforge.fml.relauncher.ServerLaunchWrapper:run:75]: 	at java.lang.System.exit(Unknown Source)
[17:22:32] [main/INFO] [STDERR]: [net.minecraftforge.fml.relauncher.ServerLaunchWrapper:run:75]: 	at net.minecraft.launchwrapper.Launch.launch(Launch.java:138)
[17:22:32] [main/INFO] [STDERR]: [net.minecraftforge.fml.relauncher.ServerLaunchWrapper:run:75]: 	at net.minecraft.launchwrapper.Launch.main(Launch.java:28)
[17:22:32] [main/INFO] [STDERR]: [net.minecraftforge.fml.relauncher.ServerLaunchWrapper:run:75]: 	... 6 more
